Log file open, 12/14/17 20:25:30
LogInit:Display: Running engine for game: unwinged
LogPlatformFile: Not using cached read wrapper
LogInit:Display: RandInit(-371688859) SRandInit(-371688859).
LogTaskGraph: Started task graph with 5 named threads and 8 total threads with 1 sets of task threads.
LogStats: Stats thread started at 0.079931
LogInit: Using libcurl 7.47.1
LogInit:  - built for x86_64-pc-win32
LogInit:  - supports SSL with OpenSSL/1.0.2g
LogInit:  - supports HTTP deflate (compression) using libz 1.2.8
LogInit:  - other features:
LogInit:      CURL_VERSION_SSL
LogInit:      CURL_VERSION_LIBZ
LogInit:      CURL_VERSION_IPV6
LogInit:      CURL_VERSION_ASYNCHDNS
LogInit:      CURL_VERSION_LARGEFILE
LogInit:      CURL_VERSION_IDN
LogInit:  CurlRequestOptions (configurable via config and command line):
LogInit:  - bVerifyPeer = false  - Libcurl will NOT verify peer certificate
LogInit:  - bUseHttpProxy = false  - Libcurl will NOT use HTTP proxy
LogInit:  - bDontReuseConnections = false  - Libcurl will reuse connections
LogInit:  - CertBundlePath = nullptr  - Libcurl will use whatever was configured at build time.
LogInit: Build: ++UE4+Release-4.16-CL-3561208
LogInit: Engine Version: 4.16.3-3561208+++UE4+Release-4.16
LogInit: Compatible Engine Version: 4.16.0-3452394+++UE4+Release-4.16
LogInit: Net CL: 3452394
LogDevObjectVersion: Number of dev versions registered: 16
LogDevObjectVersion:   Dev-Blueprints (B0D832E4-1F89-4F0D-ACCF-7EB736FD4AA2): 9
LogDevObjectVersion:   Dev-Build (E1C64328-A22C-4D53-A36C-8E866417BD8C): 0
LogDevObjectVersion:   Dev-Core (375EC13C-06E4-48FB-B500-84F0262A717E): 2
LogDevObjectVersion:   Dev-Editor (E4B068ED-F494-42E9-A231-DA0B2E46BB41): 17
LogDevObjectVersion:   Dev-Framework (CFFC743F-43B0-4480-9391-14DF171D2073): 23
LogDevObjectVersion:   Dev-Mobile (B02B49B5-BB20-44E9-A304-32B752E40360): 0
LogDevObjectVersion:   Dev-Networking (A4E4105C-59A1-49B5-A7C5-40C4547EDFEE): 0
LogDevObjectVersion:   Dev-Online (39C831C9-5AE6-47DC-9A44-9C173E1C8E7C): 0
LogDevObjectVersion:   Dev-Physics (78F01B33-EBEA-4F98-B9B4-84EACCB95AA2): 0
LogDevObjectVersion:   Dev-Platform (6631380F-2D4D-43E0-8009-CF276956A95A): 0
LogDevObjectVersion:   Dev-Rendering (12F88B9F-8875-4AFC-A67C-D90C383ABD29): 15
LogDevObjectVersion:   Dev-Sequencer (7B5AE74C-D270-4C10-A958-57980B212A5A): 4
LogDevObjectVersion:   Dev-VR (D7296918-1DD6-4BDD-9DE2-64A83CC13884): 0
LogDevObjectVersion:   Dev-LoadTimes (C2A15278-BFE7-4AFE-6C17-90FF531DF755): 1
LogDevObjectVersion:   Private-Geometry (6EACA3D4-40EC-4CC1-B786-8BED09428FC5): 1
LogDevObjectVersion:   Dev-AnimPhys (29E575DD-E0A3-4627-9D10-D276232CDCEA): 3
LogInit: Compiled (64-bit): Jul 28 2017 11:49:47
LogInit: Compiled with Visual C++: 19.00.24215.01
LogInit: Build Configuration: Development
LogInit: Branch Name: ++UE4+Release-4.16
LogInit: Command line: 
LogInit: Base directory: D:/Epic Games/UE_4.16/Engine/Binaries/Win64/
LogInit: Installed Engine Build: 1
LogInit: Presizing for max 8388607 objects, including 0 objects not considered by GC, pre-allocating 0 bytes for permanent pool.
LogInit: Object subsystem initialized
[2017.12.14-19.25.31:098][  0]LogInit: Selected Device Profile: [Windows]
[2017.12.14-19.25.31:098][  0]LogInit: Applying CVar settings loaded from the selected device profile: [Windows]
[2017.12.14-19.25.31:107][  0]LogInit: Computer: LAPTOP-Q20P6BUO
[2017.12.14-19.25.31:107][  0]LogInit: User: Danie
[2017.12.14-19.25.31:107][  0]LogInit: CPU Page size=4096, Cores=4
[2017.12.14-19.25.31:107][  0]LogInit: High frequency timer resolution =2.742190 MHz
[2017.12.14-19.25.31:107][  0]LogMemory: Memory total: Physical=15.8GB (16GB approx)
[2017.12.14-19.25.31:107][  0]LogMemory: Platform Memory Stats for Windows
[2017.12.14-19.25.31:107][  0]LogMemory: Process Physical Memory: 273.75 MB used, 273.75 MB peak
[2017.12.14-19.25.31:107][  0]LogMemory: Process Virtual Memory: 262.91 MB used, 262.91 MB peak
[2017.12.14-19.25.31:107][  0]LogMemory: Physical Memory: 5465.82 MB used,  10761.34 MB free, 16227.16 MB total
[2017.12.14-19.25.31:107][  0]LogMemory: Virtual Memory: 673.72 MB used,  10761.34 MB free, 134217728.00 MB total
[2017.12.14-19.25.31:152][  0]LogInit: Overriding language with editor language configuration option (en).
[2017.12.14-19.25.31:152][  0]LogInit: Overriding locale with editor locale configuration option (en).
[2017.12.14-19.25.31:962][  0]LogD3D11RHI: D3D11 adapters:
[2017.12.14-19.25.32:002][  0]LogD3D11RHI:    0. 'NVIDIA GeForce GTX 1060' (Feature Level 11_0)
[2017.12.14-19.25.32:002][  0]LogD3D11RHI:       6061/0/8113 MB DedicatedVideo/DedicatedSystem/SharedSystem, Outputs:1, VendorId:0x10de
[2017.12.14-19.25.32:011][  0]LogD3D11RHI:    1. 'Intel(R) HD Graphics 630' (Feature Level 11_0)
[2017.12.14-19.25.32:012][  0]LogD3D11RHI:       128/0/8113 MB DedicatedVideo/DedicatedSystem/SharedSystem, Outputs:0, VendorId:0x8086
[2017.12.14-19.25.32:013][  0]LogD3D11RHI:    2. 'Microsoft Basic Render Driver' (Feature Level 11_0)
[2017.12.14-19.25.32:013][  0]LogD3D11RHI:       0/0/8113 MB DedicatedVideo/DedicatedSystem/SharedSystem, Outputs:0, VendorId:0x1414
[2017.12.14-19.25.32:013][  0]LogD3D11RHI: Chosen D3D11 Adapter: 0
[2017.12.14-19.25.32:018][  0]LogD3D11RHI: Creating new Direct3DDevice
[2017.12.14-19.25.32:018][  0]LogD3D11RHI:     GPU DeviceId: 0x1c20 (for the marketing name, search the web for "GPU Device Id")
[2017.12.14-19.25.32:018][  0]LogWindows: EnumDisplayDevices:
[2017.12.14-19.25.32:018][  0]LogWindows:    0. 'Intel(R) HD Graphics 630' (P:1 D:1)
[2017.12.14-19.25.32:018][  0]LogWindows:    1. 'Intel(R) HD Graphics 630' (P:0 D:0)
[2017.12.14-19.25.32:018][  0]LogWindows:    2. 'Intel(R) HD Graphics 630' (P:0 D:0)
[2017.12.14-19.25.32:019][  0]LogWindows:    3. 'NVIDIA GeForce GTX 1060' (P:0 D:0)
[2017.12.14-19.25.32:019][  0]LogWindows:    4. 'NVIDIA GeForce GTX 1060' (P:0 D:0)
[2017.12.14-19.25.32:019][  0]LogWindows:    5. 'NVIDIA GeForce GTX 1060' (P:0 D:0)
[2017.12.14-19.25.32:019][  0]LogWindows:    6. 'NVIDIA GeForce GTX 1060' (P:0 D:0)
[2017.12.14-19.25.32:019][  0]LogWindows: DebugString: GetVideoDriverDetailsInvalid PrimaryIsNotTheChoosenAdapter GetVideoDriverDetailsInvalid PrimaryIsNotTheChoosenAdapter GetVideoDriverDetailsInvalid PrimaryIsNotTheChoosenAdapter GetVideoDriverDetailsInvalid PrimaryIsNotTheChoosenAdapter GetVideoDriverDetailsInvalid PrimaryIsNotTheChoosenAdapter GetVideoDriverDetailsInvalid PrimaryIsNotTheChoosenAdapter GetVideoDriverDetailsInvalid PrimaryIsNotTheChoosenAdapter FoundDriverCount:0 
[2017.12.14-19.25.32:019][  0]LogD3D11RHI:     Adapter Name: NVIDIA GeForce GTX 1060
[2017.12.14-19.25.32:019][  0]LogD3D11RHI:   Driver Version: Unknown (internal:Unknown, unified:Unknown)
[2017.12.14-19.25.32:019][  0]LogD3D11RHI:      Driver Date: Unknown
[2017.12.14-19.25.32:019][  0]LogRHI: Texture pool is 1361 MB (70% of 1945 MB)
[2017.12.14-19.25.32:040][  0]LogD3D11RHI: Async texture creation enabled
[2017.12.14-19.25.32:106][  0]LogD3D11RHI: GPU Timing Frequency: 1000.000000 (Debug: 2 1)
[2017.12.14-19.25.32:107][  0]LogShaderCompilers: Guid format shader working directory is 14 characters bigger than the processId version (../../../../../Unwinged/unwinged/Intermediate/Shaders/WorkingDirectory/3040/).
[2017.12.14-19.25.32:107][  0]LogShaderCompilers: Cleaned the shader compiler working directory 'C:/Users/Danie/AppData/Local/Temp/UnrealShaderWorkingDir/21722AAD430EE98A21206CB7EC6C344F/'.
[2017.12.14-19.25.32:107][  0]LogShaderCompilers:Display: Using Local Shader Compiler.
[2017.12.14-19.25.33:311][  0]LogTemp:Display: Loaded TP AllDesktopTargetPlatform
[2017.12.14-19.25.33:344][  0]LogTemp:Display: Loaded TP MacClientTargetPlatform
[2017.12.14-19.25.33:380][  0]LogTemp:Display: Loaded TP MacNoEditorTargetPlatform
[2017.12.14-19.25.33:416][  0]LogTemp:Display: Loaded TP MacServerTargetPlatform
[2017.12.14-19.25.33:450][  0]LogTemp:Display: Loaded TP MacTargetPlatform
[2017.12.14-19.25.33:484][  0]LogTemp:Display: Loaded TP WindowsClientTargetPlatform
[2017.12.14-19.25.33:521][  0]LogTemp:Display: Loaded TP WindowsNoEditorTargetPlatform
[2017.12.14-19.25.33:555][  0]LogTemp:Display: Loaded TP WindowsServerTargetPlatform
[2017.12.14-19.25.33:584][  0]LogTemp:Display: Loaded TP WindowsTargetPlatform
[2017.12.14-19.25.33:615][  0]LogTemp:Display: Loaded TP AndroidTargetPlatform
[2017.12.14-19.25.33:653][  0]LogTemp:Display: Loaded TP Android_ASTCTargetPlatform
[2017.12.14-19.25.33:687][  0]LogTemp:Display: Loaded TP Android_ATCTargetPlatform
[2017.12.14-19.25.33:719][  0]LogTemp:Display: Loaded TP Android_DXTTargetPlatform
[2017.12.14-19.25.33:751][  0]LogTemp:Display: Loaded TP Android_ETC1TargetPlatform
[2017.12.14-19.25.33:783][  0]LogTemp:Display: Loaded TP Android_ETC2TargetPlatform
[2017.12.14-19.25.33:853][  0]LogTemp:Display: Loaded TP Android_MultiTargetPlatform
[2017.12.14-19.25.33:853][  0]LogTemp:Display: Loaded TP Android_PVRTCTargetPlatform
[2017.12.14-19.25.33:899][  0]LogTemp:Display: Loaded TP HTML5TargetPlatform
[2017.12.14-19.25.33:977][  0]LogTemp:Display: Loaded TP IOSTargetPlatform
[2017.12.14-19.25.34:000][  0]LogTemp:Display: Loaded TP TVOSTargetPlatform
[2017.12.14-19.25.34:037][  0]LogTemp:Display: Loaded TP LinuxClientTargetPlatform
[2017.12.14-19.25.34:085][  0]LogTemp:Display: Loaded TP LinuxNoEditorTargetPlatform
[2017.12.14-19.25.34:122][  0]LogTemp:Display: Loaded TP LinuxServerTargetPlatform
[2017.12.14-19.25.34:159][  0]LogTemp:Display: Loaded TP LinuxTargetPlatform
[2017.12.14-19.25.34:159][  0]LogTargetPlatformManager:Display: Building Assets For Windows
[2017.12.14-19.25.34:503][  0]LogDerivedDataCache:Display: Max Cache Size: 512 MB
[2017.12.14-19.25.34:567][  0]LogDerivedDataCache: Loaded boot cache 0.06s 91MB C:/Users/Danie/AppData/Local/UnrealEngine/4.16/DerivedDataCache/Boot.ddc.
[2017.12.14-19.25.34:567][  0]LogDerivedDataCache:Display: Loaded Boot cache: C:/Users/Danie/AppData/Local/UnrealEngine/4.16/DerivedDataCache/Boot.ddc
[2017.12.14-19.25.34:567][  0]LogDerivedDataCache: FDerivedDataBackendGraph:  Pak pak cache file ../../../../../Unwinged/unwinged/DerivedDataCache/DDC.ddp not found, will not use a pak cache.
[2017.12.14-19.25.34:567][  0]LogDerivedDataCache: Unable to find inner node Pak for hierarchical cache Hierarchy.
[2017.12.14-19.25.34:567][  0]LogDerivedDataCache: FDerivedDataBackendGraph:  CompressedPak pak cache file ../../../../../Unwinged/unwinged/DerivedDataCache/Compressed.ddp not found, will not use a pak cache.
[2017.12.14-19.25.34:567][  0]LogDerivedDataCache: Unable to find inner node CompressedPak for hierarchical cache Hierarchy.
[2017.12.14-19.25.34:585][  0]LogDerivedDataCache:Display: Pak cache opened for reading ../../../Engine/DerivedDataCache/Compressed.ddp.
[2017.12.14-19.25.34:597][  0]LogDerivedDataCache: Using Local data cache path C:/Users/Danie/AppData/Local/UnrealEngine/Common/DerivedDataCache: Writable
[2017.12.14-19.25.34:605][  0]LogMaterial: Verifying Global Shaders for PCD3D_SM5
[2017.12.14-19.25.34:605][  0]LogSlate: Using Freetype 2.6.0
[2017.12.14-19.25.34:606][  0]LogSlate: SlateFontCache - WITH_FREETYPE: 1, WITH_HARFBUZZ: 1
[2017.12.14-19.25.34:606][  0]LogSlate: SlateFontCache - WITH_FREETYPE: 1, WITH_HARFBUZZ: 1
[2017.12.14-19.25.34:859][  0]LogInit: Selected Device Profile: [Windows]
[2017.12.14-19.25.34:919][  0]LogContentStreaming: Texture pool size is 0.00 MB
[2017.12.14-19.25.35:037][  0]LogMeshUtilities: Using QuadricMeshReduction for automatic static mesh reduction
[2017.12.14-19.25.35:063][  0]LogSimplygon: Simplygon DLL not present - disabling.
[2017.12.14-19.25.35:089][  0]LogMeshUtilities: Using SimplygonSwarm for distributed automatic mesh merging
[2017.12.14-19.25.35:089][  0]LogMeshUtilities: No automatic skeletal mesh reduction module available
[2017.12.14-19.25.35:089][  0]LogMeshUtilities: No automatic mesh merging module available
[2017.12.14-19.25.35:546][  0]LogNetVersion: unwinged , NetCL: 3452394, EngineNetVer: 2, GameNetVer: 0 (Checksum: 335359498)
[2017.12.14-19.25.35:596][  0]LogAssetRegistry: FAssetRegistry took 0.0255 seconds to start up
[2017.12.14-19.25.35:623][  0]LogPackageLocalizationCache: Processed 4 localized package path(s) for 1 prioritized culture(s) in 0.013971 seconds
[2017.12.14-19.25.35:628][  0]LogUObjectArray: 34194 objects as part of root set at end of initial load.
[2017.12.14-19.25.35:628][  0]LogUObjectAllocator: 7260416 out of 0 bytes used by permanent object pool.
[2017.12.14-19.25.35:628][  0]LogUObjectArray: CloseDisregardForGC: 0/0 objects in disregard for GC pool
[2017.12.14-19.25.35:672][  0]LogInit: WinSock: version 1.1 (2.2), MaxSocks=32767, MaxUdp=65467
[2017.12.14-19.25.37:546][  0]LogTcpMessaging: Initializing TcpMessaging bridge
[2017.12.14-19.25.37:575][  0]LogUdpMessaging: Initializing bridge on interface 0.0.0.0:0 to multicast group 230.0.0.1:6666.
[2017.12.14-19.25.37:960][  0]LogMaterial: Uniform references updated for custom material expression Custom.
[2017.12.14-19.25.38:239][  0]SourceControl: Info Source control is disabled
[2017.12.14-19.25.38:335][  0]SourceControl: Info Source control is disabled
[2017.12.14-19.25.38:467][  0]SourceControl: Info Source control is disabled
[2017.12.14-19.25.38:518][  0]SourceControl: Info Source control is disabled
[2017.12.14-19.25.38:950][  0]LogAndroidPermission: UAndroidPermissionCallbackProxy::GetInstance
[2017.12.14-19.25.39:343][  0]LogEngine: Initializing Engine...
[2017.12.14-19.25.39:343][  0]LogHMD: Failed to initialize OpenVR with code 110
[2017.12.14-19.25.39:513][  0]LogStats: UGameplayTagsManager::ConstructGameplayTagTree: Construct from data asset -  0.000 s
[2017.12.14-19.25.39:513][  0]LogStats: UGameplayTagsManager::ConstructGameplayTagTree: GameplayTagTreeChangedEvent.Broadcast -  0.000 s
[2017.12.14-19.25.39:609][  0]LogAIModule: Creating AISystem for world Untitled
[2017.12.14-19.25.39:615][  0]LogInit: XAudio2 using 'Altavoces (Realtek High Definition Audio)' : 2 channels at 48 kHz using 32 bits per sample (channel mask 0x3)
[2017.12.14-19.25.39:653][  0]LogInit: FAudioDevice initialized.
[2017.12.14-19.25.39:694][  0]LogDerivedDataCache: Saved boot cache 0.04s 91MB C:/Users/Danie/AppData/Local/UnrealEngine/4.16/DerivedDataCache/Boot.ddc.
[2017.12.14-19.25.39:706][  0]LogInit: Texture streaming: Enabled
[2017.12.14-19.25.39:770][  0]LogEngineSessionManager: EngineSessionManager initialized
[2017.12.14-19.25.39:770][  0]LogEngineSessionManager: EngineSessionManager sent abnormal shutdown report. Type=Crashed, SessionId={995BCC16-480B-D7E6-D4DB-ACBCDFE37358}
[2017.12.14-19.25.39:977][  0]LogInit: Transaction tracking system initialized
[2017.12.14-19.25.40:195][  0]BlueprintLog: New page: Editor Load
[2017.12.14-19.25.40:801][  0]LocalizationService: Info Localization service is disabled
[2017.12.14-19.25.41:299][  0]LogConsoleResponse:Display: 
[2017.12.14-19.25.41:433][  0]LogCook:Display: Max memory allowance for cook 16384mb min free memory 0mb
[2017.12.14-19.25.41:433][  0]LogCook:Display: Mobile HDR setting 1
[2017.12.14-19.25.42:226][  0]LogFileCache: Scanning file cache for directory 'D:/Unwinged/unwinged/Content/' took 0.01s
[2017.12.14-19.25.42:226][  0]SourceControl: Info Source control is disabled
[2017.12.14-19.25.42:226][  0]Cmd: MAP LOAD FILE="../../../../../Unwinged/unwinged/Content/ThirdPersonBP/Maps/ThirdPersonExampleMap.umap" TEMPLATE=0 SHOWPROGRESS=1 FEATURELEVEL=3
[2017.12.14-19.25.42:227][  0]LightingResults: New page: Lighting Build
[2017.12.14-19.25.42:256][  0]MapCheck: New page: Map Check
[2017.12.14-19.25.42:256][  0]LightingResults: New page: Lighting Build
[2017.12.14-19.25.44:219][  0]LogAIModule: Creating AISystem for world ThirdPersonExampleMap
[2017.12.14-19.25.44:303][  0]LogMaterial:Warning: Material /Game/Environment/Materials/M_Tree_Bark_A.M_Tree_Bark_A needed to have new flag set bUsedWithInstancedStaticMeshes !
[2017.12.14-19.25.44:305][  0]LogMaterial: Missing cached shader map for material M_Tree_Bark_A, compiling. 
[2017.12.14-19.25.44:360][  0]MapCheck:Warning: Warning M_Tree_Bark_A Material /Game/Environment/Materials/M_Tree_Bark_A.M_Tree_Bark_A was missing the usage flag bUsedWithInstancedStaticMeshes. If the material asset is not re-saved, it may not render correctly when run outside the editor. Fix
[2017.12.14-19.25.44:610][  0]LogEditorServer: Finished looking for orphan Actors (0.001 secs)
[2017.12.14-19.25.45:304][  0]Cmd: MAP CHECKDEP NOCLEARLOG
[2017.12.14-19.25.45:367][  0]MapCheck: Info Map check complete: 0 Error(s), 1 Warning(s), took 62.619ms to complete.
[2017.12.14-19.25.45:378][  0]LogFileHelpers: Loading map 'ThirdPersonExampleMap' took 3.152
[2017.12.14-19.25.45:550][  0]LogCollectionManager: Loaded 0 collections in 0.001251 seconds
[2017.12.14-19.25.45:629][  0]LogFileCache: Scanning file cache for directory 'D:/Unwinged/unwinged/Saved/Collections/' took 0.01s
[2017.12.14-19.25.45:629][  0]LogFileCache: Scanning file cache for directory 'D:/Unwinged/unwinged/Content/Developers/Danie/Collections/' took 0.01s
[2017.12.14-19.25.45:629][  0]LogFileCache: Scanning file cache for directory 'D:/Unwinged/unwinged/Content/Collections/' took 0.01s
[2017.12.14-19.25.45:629][  0]LogCollectionManager: Rebuilt the GUID cache for 0 collections in 0.000002 seconds
[2017.12.14-19.25.45:644][  0]LogContentBrowser: Native class hierarchy populated in 0.0142 seconds. Added 2329 classes and 491 folders.
[2017.12.14-19.25.45:712][  0]LogContentBrowser: Native class hierarchy updated for 'WidgetCarousel' in 0.0007 seconds. Added 0 classes and 0 folders.
[2017.12.14-19.25.45:754][  0]LogContentBrowser: Native class hierarchy updated for 'AddContentDialog' in 0.0008 seconds. Added 0 classes and 0 folders.
[2017.12.14-19.25.45:802][  0]LogContentBrowser: Native class hierarchy updated for 'SceneOutliner' in 0.0008 seconds. Added 1 classes and 2 folders.
[2017.12.14-19.25.45:985][  0]LogCrashTracker: Crashtracker disabled due to settings.
[2017.12.14-19.25.45:992][  0]LogUObjectGlobals:Warning: Failed to find object 'Class None.'
[2017.12.14-19.25.46:060][  0]LogContentBrowser: Native class hierarchy updated for 'HierarchicalLODOutliner' in 0.0007 seconds. Added 1 classes and 2 folders.
[2017.12.14-19.25.46:061][  0]LogLoad: (Engine Initialization) Total time: 15.99 seconds
[2017.12.14-19.25.46:061][  0]LogLoad: (Engine Initialization) Total Blueprint compile time: 0.26 seconds
[2017.12.14-19.25.46:061][  0]LogExternalProfiler: No external profilers were discovered.  External profiling features will not be available.
[2017.12.14-19.25.46:078][  0]LogWindowsTextInputMethodSystem:Display: IME system now deactivated.
[2017.12.14-19.25.46:079][  0]LogOcInput: OculusInput pre-init called
[2017.12.14-19.25.46:079][  0]LogHMD: Starting GearVRController plugin
[2017.12.14-19.25.46:111][  0]LogContentStreaming: Texture pool size now 1000 MB
[2017.12.14-19.25.46:113][  0]LogSlate: Took 0.000189 seconds to synchronously load lazily loaded font '../../../Engine/Content/Slate/Fonts/Roboto-Bold.ttf' (160K)
[2017.12.14-19.25.46:114][  0]LogSlate: Took 0.000173 seconds to synchronously load lazily loaded font '../../../Engine/Content/Slate/Fonts/Roboto-Regular.ttf' (155K)
[2017.12.14-19.25.46:121][  0]LogSlate: Took 0.000181 seconds to synchronously load lazily loaded font '../../../Engine/Content/Editor/Slate/Fonts/FontAwesome.ttf' (139K)
[2017.12.14-19.25.46:246][  0]LogSlate: Took 0.000229 seconds to synchronously load lazily loaded font '../../../Engine/Content/Slate/Fonts/Roboto-Light.ttf' (159K)
[2017.12.14-19.25.46:311][  0]LogRenderer: Reallocating scene render targets to support 256x256 NumSamples 1 (Frame:1).
[2017.12.14-19.25.46:324][  0]LogStaticMesh: Allocated 489x64x64 distance field atlas = 3.8Mb, with 54 objects containing 2.7Mb backing data
[2017.12.14-19.25.46:349][  0]LogRenderer: Reallocating scene render targets to support 712x404 NumSamples 1 (Frame:1).
[2017.12.14-19.25.46:736][  1]LogFileCache: Retrieving MD5 hashes for directory 'D:/Unwinged/unwinged/Content/' took 0.64s
[2017.12.14-19.25.46:746][  1]LogAssetRegistry: Asset discovery search completed in 11.1721 seconds
[2017.12.14-19.25.46:749][  1]LogCollectionManager: Rebuilt the object cache for 0 collections in 0.000001 seconds (found 0 objects)
[2017.12.14-19.25.46:749][  1]LogCollectionManager: Fixed up redirectors for 0 collections in 0.000046 seconds (updated 0 objects)
[2017.12.14-19.25.50:530][ 30]LogRenderer: Reallocating scene render targets to support 1016x576 NumSamples 1 (Frame:31).
[2017.12.14-19.26.18:169][231]LogTemp: Repeting last play command: Selected Viewport
[2017.12.14-19.26.18:219][231]LogBlueprintUserMessages: Early PlayInEditor Detection: Level '/Game/ThirdPersonBP/Maps/ThirdPersonExampleMap.ThirdPersonExampleMap:PersistentLevel' has LevelScriptBlueprint '/Game/ThirdPersonBP/Maps/ThirdPersonExampleMap.ThirdPersonExampleMap:PersistentLevel.ThirdPersonExampleMap' with GeneratedClass '/Game/ThirdPersonBP/Maps/ThirdPersonExampleMap.ThirdPersonExampleMap_C' with ClassGeneratedBy '/Game/ThirdPersonBP/Maps/ThirdPersonExampleMap.ThirdPersonExampleMap:PersistentLevel.ThirdPersonExampleMap'
[2017.12.14-19.26.18:220][231]LogPlayLevel: PlayLevel: No blueprints needed recompiling
[2017.12.14-19.26.18:220][231]PIE: New page: PIE session: ThirdPersonExampleMap (Dec 14, 2017, 9:26:18 PM)
[2017.12.14-19.26.18:220][231]LogPlayLevel: Creating play world package: /Game/ThirdPersonBP/Maps/UEDPIE_0_ThirdPersonExampleMap
[2017.12.14-19.26.18:748][231]LogPlayLevel: PIE: StaticDuplicateObject took: (0.527880s)
[2017.12.14-19.26.18:748][231]LogAIModule: Creating AISystem for world ThirdPersonExampleMap
[2017.12.14-19.26.18:749][231]LogPlayLevel: PIE: World Init took: (0.000956s)
[2017.12.14-19.26.18:753][231]LogPlayLevel: PIE: Created PIE world by copying editor world from /Game/ThirdPersonBP/Maps/ThirdPersonExampleMap.ThirdPersonExampleMap to /Game/ThirdPersonBP/Maps/UEDPIE_0_ThirdPersonExampleMap.ThirdPersonExampleMap (0.532346s)
[2017.12.14-19.26.18:871][231]LogInit: XAudio2 using 'Altavoces (Realtek High Definition Audio)' : 2 channels at 48 kHz using 32 bits per sample (channel mask 0x3)
[2017.12.14-19.26.18:884][231]LogInit: FAudioDevice initialized.
[2017.12.14-19.26.18:933][231]LogLoad: Game class is 'ThirdPersonGameMode_C'
[2017.12.14-19.26.19:083][231]LogWorld: Bringing World /Game/ThirdPersonBP/Maps/UEDPIE_0_ThirdPersonExampleMap.ThirdPersonExampleMap up for play (max tick rate 60) at 2017.12.14-20.26.19
[2017.12.14-19.26.19:091][231]LogWorld: Bringing up level for play took: 0.155197
[2017.12.14-19.26.19:121][231]LogContentBrowser: Native class hierarchy updated for 'MovieSceneCapture' in 0.0006 seconds. Added 11 classes and 0 folders.
[2017.12.14-19.26.19:132][231]PIE: Info Play in editor start time for /Game/ThirdPersonBP/Maps/UEDPIE_0_ThirdPersonExampleMap 1.694
[2017.12.14-19.26.19:134][231]LogBlueprintUserMessages: Late PlayInEditor Detection: Level '/Game/ThirdPersonBP/Maps/ThirdPersonExampleMap.ThirdPersonExampleMap:PersistentLevel' has LevelScriptBlueprint '/Game/ThirdPersonBP/Maps/ThirdPersonExampleMap.ThirdPersonExampleMap:PersistentLevel.ThirdPersonExampleMap' with GeneratedClass '/Game/ThirdPersonBP/Maps/ThirdPersonExampleMap.ThirdPersonExampleMap_C' with ClassGeneratedBy '/Game/ThirdPersonBP/Maps/ThirdPersonExampleMap.ThirdPersonExampleMap:PersistentLevel.ThirdPersonExampleMap'
[2017.12.14-19.26.50:642][ 61]LogCharacterMovement: Enemigo5 is stuck and failed to move! Velocity: X=19.13 Y=-98.15 Z=0.00 Location: X=-5671.14 Y=1695.62 Z=215.07 Normal: X=-0.89 Y=0.46 Z=-0.00 PenetrationDepth:0.287 Actor:Enemigo7 Component:Weapon BoneName:None (0 other events since notify)
[2017.12.14-19.26.51:051][ 83]LogCharacterMovement: Enemigo2_5 is stuck and failed to move! Velocity: X=-83.50 Y=55.02 Z=0.00 Location: X=-5547.19 Y=1785.91 Z=215.34 Normal: X=0.43 Y=-0.90 Z=-0.00 PenetrationDepth:3.292 Actor:Enemigo3_1508 Component:Weapon BoneName:None (0 other events since notify)
[2017.12.14-19.26.54:152][249]LogCharacterMovement: Enemigo5 is stuck and failed to move! Velocity: X=58.12 Y=-81.38 Z=0.00 Location: X=-5699.90 Y=1659.80 Z=215.33 Normal: X=-0.82 Y=0.57 Z=-0.00 PenetrationDepth:0.404 Actor:Enemigo6 Component:Weapon BoneName:None (0 other events since notify)
[2017.12.14-19.26.54:437][264]LogCharacterMovement: Enemigo4 is stuck and failed to move! Velocity: X=2.63 Y=-37.54 Z=0.00 Location: X=-5659.91 Y=1731.58 Z=215.34 Normal: X=0.19 Y=0.98 Z=-0.00 PenetrationDepth:0.270 Actor:Enemigo5 Component:Weapon BoneName:None (0 other events since notify)
[2017.12.14-19.26.55:448][318]LogCharacterMovement: Enemigo4 is stuck and failed to move! Velocity: X=6.82 Y=-99.77 Z=0.00 Location: X=-5659.68 Y=1731.55 Z=215.34 Normal: X=0.43 Y=0.90 Z=-0.00 PenetrationDepth:3.164 Actor:Enemigo5 Component:Weapon BoneName:None (53 other events since notify)
[2017.12.14-19.26.58:908][505]LogCharacterMovement: Enemigo7 is stuck and failed to move! Velocity: X=-21.04 Y=-34.93 Z=0.00 Location: X=-5576.99 Y=1711.22 Z=214.60 Normal: X=-0.69 Y=-0.72 Z=-0.00 PenetrationDepth:2.672 Actor:Enemigo2_5 Component:Weapon BoneName:None (0 other events since notify)
[2017.12.14-19.27.04:786][840]LogCharacterMovement: Enemigo7 is stuck and failed to move! Velocity: X=-17.61 Y=-29.24 Z=0.00 Location: X=-5576.99 Y=1711.22 Z=214.60 Normal: X=-0.69 Y=-0.72 Z=-0.00 PenetrationDepth:2.731 Actor:Enemigo2_5 Component:Weapon BoneName:None (0 other events since notify)
[2017.12.14-19.27.05:803][901]LogCharacterMovement: Enemigo7 is stuck and failed to move! Velocity: X=-17.61 Y=-29.24 Z=0.00 Location: X=-5576.99 Y=1711.22 Z=214.60 Normal: X=-0.69 Y=-0.72 Z=-0.00 PenetrationDepth:2.731 Actor:Enemigo2_5 Component:Weapon BoneName:None (51 other events since notify)
[2017.12.14-19.27.11:324][230]LogCharacterMovement: Enemigo7 is stuck and failed to move! Velocity: X=-20.19 Y=-27.52 Z=0.00 Location: X=-5581.29 Y=1683.65 Z=214.60 Normal: X=-0.24 Y=-0.97 Z=-0.00 PenetrationDepth:9.794 Actor:Enemigo2_5 Component:Weapon BoneName:None (14 other events since notify)
[2017.12.14-19.27.25:029][ 47]Set new viewmode: Wireframe
[2017.12.14-19.27.26:522][127]LogBlueprintUserMessages: Early EndPlayMap Detection: Level '/Game/ThirdPersonBP/Maps/ThirdPersonExampleMap.ThirdPersonExampleMap:PersistentLevel' has LevelScriptBlueprint '/Game/ThirdPersonBP/Maps/ThirdPersonExampleMap.ThirdPersonExampleMap:PersistentLevel.ThirdPersonExampleMap' with GeneratedClass '/Game/ThirdPersonBP/Maps/ThirdPersonExampleMap.ThirdPersonExampleMap_C' with ClassGeneratedBy '/Game/ThirdPersonBP/Maps/ThirdPersonExampleMap.ThirdPersonExampleMap:PersistentLevel.ThirdPersonExampleMap'
[2017.12.14-19.27.26:660][127]LogBlueprintUserMessages: Late EndPlayMap Detection: Level '/Game/ThirdPersonBP/Maps/ThirdPersonExampleMap.ThirdPersonExampleMap:PersistentLevel' has LevelScriptBlueprint '/Game/ThirdPersonBP/Maps/ThirdPersonExampleMap.ThirdPersonExampleMap:PersistentLevel.ThirdPersonExampleMap' with GeneratedClass '/Game/ThirdPersonBP/Maps/ThirdPersonExampleMap.ThirdPersonExampleMap_C' with ClassGeneratedBy '/Game/ThirdPersonBP/Maps/ThirdPersonExampleMap.ThirdPersonExampleMap:PersistentLevel.ThirdPersonExampleMap'
[2017.12.14-19.27.56:461][848]LogSlate: Took 0.000184 seconds to synchronously load lazily loaded font '../../../Engine/Content/Slate/Fonts/Roboto-Light.ttf' (159K)
[2017.12.14-19.28.04:356][848]LogSlate: Took 0.000165 seconds to synchronously load lazily loaded font '../../../Engine/Content/Slate/Fonts/Roboto-Regular.ttf' (155K)
[2017.12.14-19.28.05:155][848]LogSavePackage: Save=8631.25ms
[2017.12.14-19.28.05:155][848]LogSavePackage: Moving '../../../../../Unwinged/unwinged/Saved/ThirdPersonExampleMapEA8F7D844EB08E99911B21A8F628C7CD.tmp' to '../../../../../Unwinged/unwinged/Content/ThirdPersonBP/Maps/ThirdPersonExampleMap.umap'
[2017.12.14-19.28.05:164][848]LogSavePackage:Display: Finished SavePackage ../../../../../Unwinged/unwinged/Content/ThirdPersonBP/Maps/ThirdPersonExampleMap.umap
[2017.12.14-19.28.05:366][848]LogSavePackage: Save=169.71ms
[2017.12.14-19.28.05:366][848]LogSavePackage: Moving '../../../../../Unwinged/unwinged/Saved/ThirdPersonExampleMap_BuiltData3035DEDF48CC6BAFE35A4BADEAA28051.tmp' to '../../../../../Unwinged/unwinged/Content/ThirdPersonBP/Maps/ThirdPersonExampleMap_BuiltData.uasset'
[2017.12.14-19.28.05:367][848]LogSavePackage:Display: Finished SavePackage ../../../../../Unwinged/unwinged/Content/ThirdPersonBP/Maps/ThirdPersonExampleMap_BuiltData.uasset
[2017.12.14-19.31.13:785][430]LogMaterial: Missing cached shader map for material M_Wood_Sheet_Master, compiling. 
[2017.12.14-19.31.13:804][430]LogMaterial: Missing cached shader map for material M_Wood_Sheet_Master, compiling. 
[2017.12.14-19.31.13:823][430]LogStaticMesh: Building static mesh SM_Dock_Pillar...
[2017.12.14-19.31.13:834][430]LogMeshUtilities: Invalid vertex normals found for mesh. Forcing recomputation of vertex normals for MikkTSpace. Fix mesh or disable "Use MikkTSpace Tangent Space" to avoid forced recomputation of normals.
[2017.12.14-19.31.13:848][430]LogStaticMesh: Built static mesh [0.03s] /Game/Environment/Meshes/SM_Dock_Pillar.SM_Dock_Pillar
[2017.12.14-19.31.13:881][430]LogActorFactory: Actor Factory created SM_Dock_Pillar
[2017.12.14-19.31.13:971][432]LogMeshUtilities: Finished distance field build in 0.1s - 8x8x33 distance field, 838 triangles, Range [-0.1, 0.4], SM_Dock_Pillar
[2017.12.14-19.31.14:793][464]LogActorFactory: Actor Factory created SM_Dock_Pillar
[2017.12.14-19.32.03:429][730]Cmd: EDIT COPY
[2017.12.14-19.32.03:622][741]Cmd: EDIT PASTE
[2017.12.14-19.32.06:364][899]Cmd: EDIT COPY
[2017.12.14-19.32.06:693][918]Cmd: EDIT PASTE
[2017.12.14-19.32.14:305][358]LogEditorViewport: Clicking on Actor (LMB): StaticMeshActor (SM_Dock_Pillar2)
[2017.12.14-19.32.17:598][552]Cmd: EDIT COPY
[2017.12.14-19.32.17:848][567]Cmd: EDIT PASTE
[2017.12.14-19.32.21:641][789]LogEditorViewport: Clicking on Actor (LMB): StaticMeshActor (SM_Dock_Pillar)
[2017.12.14-19.32.22:650][847]Cmd: EDIT COPY
[2017.12.14-19.32.22:867][860]Cmd: EDIT PASTE
[2017.12.14-19.32.28:996][222]LogEditorViewport: Clicking on Actor (LMB): StaticMeshActor (SM_Dock_Pillar4)
[2017.12.14-19.32.31:946][395]Cmd: TRANSACTION UNDO
[2017.12.14-19.32.31:946][395]LogEditorTransaction: Undo Move Actors
[2017.12.14-19.32.31:956][395]LogSlate: Took 0.000191 seconds to synchronously load lazily loaded font '../../../Engine/Content/Slate/Fonts/Roboto-Light.ttf' (159K)
[2017.12.14-19.32.36:121][574]LogEditorViewport: Clicking on Actor (LMB): StaticMeshActor (SM_Dock_Pillar3)
[2017.12.14-19.32.37:003][624]Cmd: EDIT COPY
[2017.12.14-19.32.37:203][636]Cmd: EDIT PASTE
[2017.12.14-19.32.51:074][446]Cmd: EDIT COPY
[2017.12.14-19.32.51:241][456]Cmd: EDIT PASTE
[2017.12.14-19.32.54:686][646]LogStaticMesh: Building static mesh SM_Dock_Floor...
[2017.12.14-19.32.54:695][646]LogMeshUtilities: Invalid vertex normals found for mesh. Forcing recomputation of vertex normals for MikkTSpace. Fix mesh or disable "Use MikkTSpace Tangent Space" to avoid forced recomputation of normals.
[2017.12.14-19.32.54:697][646]LogStaticMesh: Built static mesh [0.01s] /Game/Environment/Meshes/SM_Dock_Floor.SM_Dock_Floor
[2017.12.14-19.32.54:860][650]LogActorFactory: Actor Factory created SM_Dock_Floor
[2017.12.14-19.32.54:956][653]LogMeshUtilities: Finished distance field build in 0.2s - 29x30x8 distance field, 192 triangles, Range [-0.0, 0.7], SM_Dock_Floor
[2017.12.14-19.32.57:008][772]LogActorFactory: Actor Factory created SM_Dock_Floor
[2017.12.14-19.33.28:880][623]LogEditorViewport: Clicking on Actor (LMB): Landscape (Landscape)
[2017.12.14-19.33.37:430][125]LogEditorViewport: Clicking on Actor (LMB): StaticMeshActor (SM_Dock_Floor)
[2017.12.14-19.33.39:689][257]Cmd: EDIT COPY
[2017.12.14-19.33.39:905][270]Cmd: EDIT PASTE
[2017.12.14-19.33.51:221][923]LogEditorViewport: Clicking on Actor (LMB): StaticMeshActor (SM_Dock_Pillar3)
[2017.12.14-19.33.56:807][242]LogEditorViewport: Clicking on Actor (LMB): StaticMeshActor (SM_Dock_Floor2)
[2017.12.14-19.33.57:645][289]Cmd: EDIT COPY
[2017.12.14-19.33.57:812][299]Cmd: EDIT PASTE
[2017.12.14-19.34.13:510][209]LogEditorViewport: Clicking on Actor (LMB): StaticMeshActor (SM_Dock_Pillar2)
[2017.12.14-19.34.22:474][709]LogEditorViewport: Clicking on Actor (LMB): Landscape (Landscape)
[2017.12.14-19.34.23:210][750]LogEditorViewport: Clicking on Actor (LMB): StaticMeshActor (SM_Dock_Floor3)
[2017.12.14-19.34.24:032][796]Cmd: EDIT COPY
[2017.12.14-19.34.24:266][810]Cmd: EDIT PASTE
[2017.12.14-19.34.27:882][ 20]LogEditorViewport: Clicking on Actor (LMB): StaticMeshActor (SM_Dock_Pillar)
[2017.12.14-19.34.31:277][207]Cmd: DELETE
[2017.12.14-19.34.31:277][207]Cmd: ACTOR DELETE
[2017.12.14-19.34.31:294][207]LogEditorActor: Deleted Actor: StaticMeshActor
[2017.12.14-19.34.31:311][207]LogEditorActor: Deleted 1 Actors (0.034 secs)
[2017.12.14-19.34.32:768][292]LogEditorViewport: Clicking on Actor (LMB): StaticMeshActor (SM_Dock_Floor4)
[2017.12.14-19.34.53:772][530]LogEditorViewport: Clicking on Actor (LMB): StaticMeshActor (SM_Dock_Pillar5)
[2017.12.14-19.34.54:605][577]Cmd: DELETE
[2017.12.14-19.34.54:605][577]Cmd: ACTOR DELETE
[2017.12.14-19.34.54:621][577]LogEditorActor: Deleted Actor: StaticMeshActor
[2017.12.14-19.34.54:638][577]LogEditorActor: Deleted 1 Actors (0.033 secs)
[2017.12.14-19.35.12:683][649]LogEditorViewport: Clicking on Actor (LMB): StaticMeshActor (SM_Dock_Floor4)
[2017.12.14-19.35.13:934][721]Cmd: EDIT COPY
[2017.12.14-19.35.14:126][732]Cmd: EDIT PASTE
[2017.12.14-19.35.23:733][287]LogEditorViewport: Clicking on Actor (LMB): StaticMeshActor (SM_Dock_Pillar4)
[2017.12.14-19.35.28:512][569]LogEditorViewport: Clicking on Actor (LMB): StaticMeshActor (SM_Dock_Floor3)
[2017.12.14-19.35.29:365][617]Cmd: EDIT COPY
[2017.12.14-19.35.29:531][626]Cmd: EDIT PASTE
[2017.12.14-19.35.39:880][224]LogEditorViewport: Clicking on Actor (LMB): StaticMeshActor (SM_Dock_Pillar6)
[2017.12.14-19.35.46:042][570]LogTemp: Repeting last play command: Selected Viewport
[2017.12.14-19.35.46:061][570]LogBlueprintUserMessages: Early PlayInEditor Detection: Level '/Game/ThirdPersonBP/Maps/ThirdPersonExampleMap.ThirdPersonExampleMap:PersistentLevel' has LevelScriptBlueprint '/Game/ThirdPersonBP/Maps/ThirdPersonExampleMap.ThirdPersonExampleMap:PersistentLevel.ThirdPersonExampleMap' with GeneratedClass '/Game/ThirdPersonBP/Maps/ThirdPersonExampleMap.ThirdPersonExampleMap_C' with ClassGeneratedBy '/Game/ThirdPersonBP/Maps/ThirdPersonExampleMap.ThirdPersonExampleMap:PersistentLevel.ThirdPersonExampleMap'
[2017.12.14-19.35.46:061][570]LogPlayLevel: PlayLevel: No blueprints needed recompiling
[2017.12.14-19.35.46:061][570]PIE: New page: PIE session: ThirdPersonExampleMap (Dec 14, 2017, 9:35:46 PM)
[2017.12.14-19.35.46:061][570]LogPlayLevel: Creating play world package: /Game/ThirdPersonBP/Maps/UEDPIE_0_ThirdPersonExampleMap
[2017.12.14-19.35.46:510][570]LogPlayLevel: PIE: StaticDuplicateObject took: (0.448921s)
[2017.12.14-19.35.46:511][570]LogAIModule: Creating AISystem for world ThirdPersonExampleMap
[2017.12.14-19.35.46:512][570]LogPlayLevel: PIE: World Init took: (0.001234s)
[2017.12.14-19.35.46:514][570]LogPlayLevel: PIE: Created PIE world by copying editor world from /Game/ThirdPersonBP/Maps/ThirdPersonExampleMap.ThirdPersonExampleMap to /Game/ThirdPersonBP/Maps/UEDPIE_0_ThirdPersonExampleMap.ThirdPersonExampleMap (0.452914s)
[2017.12.14-19.35.46:540][570]LogInit: XAudio2 using 'Altavoces (Realtek High Definition Audio)' : 2 channels at 48 kHz using 32 bits per sample (channel mask 0x3)
[2017.12.14-19.35.46:554][570]LogInit: FAudioDevice initialized.
[2017.12.14-19.35.46:590][570]LogLoad: Game class is 'ThirdPersonGameMode_C'
[2017.12.14-19.35.46:737][570]LogWorld: Bringing World /Game/ThirdPersonBP/Maps/UEDPIE_0_ThirdPersonExampleMap.ThirdPersonExampleMap up for play (max tick rate 60) at 2017.12.14-20.35.46
[2017.12.14-19.35.46:745][570]LogWorld: Bringing up level for play took: 0.154083
[2017.12.14-19.35.46:756][570]PIE: Info Play in editor start time for /Game/ThirdPersonBP/Maps/UEDPIE_0_ThirdPersonExampleMap 1.319
[2017.12.14-19.35.46:758][570]LogBlueprintUserMessages: Late PlayInEditor Detection: Level '/Game/ThirdPersonBP/Maps/ThirdPersonExampleMap.ThirdPersonExampleMap:PersistentLevel' has LevelScriptBlueprint '/Game/ThirdPersonBP/Maps/ThirdPersonExampleMap.ThirdPersonExampleMap:PersistentLevel.ThirdPersonExampleMap' with GeneratedClass '/Game/ThirdPersonBP/Maps/ThirdPersonExampleMap.ThirdPersonExampleMap_C' with ClassGeneratedBy '/Game/ThirdPersonBP/Maps/ThirdPersonExampleMap.ThirdPersonExampleMap:PersistentLevel.ThirdPersonExampleMap'
[2017.12.14-19.35.56:322][116]LogBlueprintUserMessages: Early EndPlayMap Detection: Level '/Game/ThirdPersonBP/Maps/ThirdPersonExampleMap.ThirdPersonExampleMap:PersistentLevel' has LevelScriptBlueprint '/Game/ThirdPersonBP/Maps/ThirdPersonExampleMap.ThirdPersonExampleMap:PersistentLevel.ThirdPersonExampleMap' with GeneratedClass '/Game/ThirdPersonBP/Maps/ThirdPersonExampleMap.ThirdPersonExampleMap_C' with ClassGeneratedBy '/Game/ThirdPersonBP/Maps/ThirdPersonExampleMap.ThirdPersonExampleMap:PersistentLevel.ThirdPersonExampleMap'
[2017.12.14-19.35.56:427][116]LogBlueprintUserMessages: Late EndPlayMap Detection: Level '/Game/ThirdPersonBP/Maps/ThirdPersonExampleMap.ThirdPersonExampleMap:PersistentLevel' has LevelScriptBlueprint '/Game/ThirdPersonBP/Maps/ThirdPersonExampleMap.ThirdPersonExampleMap:PersistentLevel.ThirdPersonExampleMap' with GeneratedClass '/Game/ThirdPersonBP/Maps/ThirdPersonExampleMap.ThirdPersonExampleMap_C' with ClassGeneratedBy '/Game/ThirdPersonBP/Maps/ThirdPersonExampleMap.ThirdPersonExampleMap:PersistentLevel.ThirdPersonExampleMap'
[2017.12.14-19.36.00:566][317]LogEditorViewport: Clicking on Actor (LMB): ThirdPersonCharacter_C (ThirdPersonCharacter)
[2017.12.14-19.36.53:829][891]LogTemp: Repeting last play command: Selected Viewport
[2017.12.14-19.36.53:849][891]LogBlueprintUserMessages: Early PlayInEditor Detection: Level '/Game/ThirdPersonBP/Maps/ThirdPersonExampleMap.ThirdPersonExampleMap:PersistentLevel' has LevelScriptBlueprint '/Game/ThirdPersonBP/Maps/ThirdPersonExampleMap.ThirdPersonExampleMap:PersistentLevel.ThirdPersonExampleMap' with GeneratedClass '/Game/ThirdPersonBP/Maps/ThirdPersonExampleMap.ThirdPersonExampleMap_C' with ClassGeneratedBy '/Game/ThirdPersonBP/Maps/ThirdPersonExampleMap.ThirdPersonExampleMap:PersistentLevel.ThirdPersonExampleMap'
[2017.12.14-19.36.53:849][891]LogPlayLevel: PlayLevel: No blueprints needed recompiling
[2017.12.14-19.36.53:850][891]PIE: New page: PIE session: ThirdPersonExampleMap (Dec 14, 2017, 9:36:53 PM)
[2017.12.14-19.36.53:850][891]LogPlayLevel: Creating play world package: /Game/ThirdPersonBP/Maps/UEDPIE_0_ThirdPersonExampleMap
[2017.12.14-19.36.54:288][891]LogPlayLevel: PIE: StaticDuplicateObject took: (0.438894s)
[2017.12.14-19.36.54:289][891]LogAIModule: Creating AISystem for world ThirdPersonExampleMap
[2017.12.14-19.36.54:290][891]LogPlayLevel: PIE: World Init took: (0.000958s)
[2017.12.14-19.36.54:293][891]LogPlayLevel: PIE: Created PIE world by copying editor world from /Game/ThirdPersonBP/Maps/ThirdPersonExampleMap.ThirdPersonExampleMap to /Game/ThirdPersonBP/Maps/UEDPIE_0_ThirdPersonExampleMap.ThirdPersonExampleMap (0.443021s)
[2017.12.14-19.36.54:430][891]LogInit: XAudio2 using 'Altavoces (Realtek High Definition Audio)' : 2 channels at 48 kHz using 32 bits per sample (channel mask 0x3)
[2017.12.14-19.36.54:443][891]LogInit: FAudioDevice initialized.
[2017.12.14-19.36.54:480][891]LogLoad: Game class is 'ThirdPersonGameMode_C'
[2017.12.14-19.36.54:622][891]LogWorld: Bringing World /Game/ThirdPersonBP/Maps/UEDPIE_0_ThirdPersonExampleMap.ThirdPersonExampleMap up for play (max tick rate 60) at 2017.12.14-20.36.54
[2017.12.14-19.36.54:630][891]LogWorld: Bringing up level for play took: 0.148177
[2017.12.14-19.36.54:640][891]PIE: Info Play in editor start time for /Game/ThirdPersonBP/Maps/UEDPIE_0_ThirdPersonExampleMap 1.203
[2017.12.14-19.36.54:643][891]LogBlueprintUserMessages: Late PlayInEditor Detection: Level '/Game/ThirdPersonBP/Maps/ThirdPersonExampleMap.ThirdPersonExampleMap:PersistentLevel' has LevelScriptBlueprint '/Game/ThirdPersonBP/Maps/ThirdPersonExampleMap.ThirdPersonExampleMap:PersistentLevel.ThirdPersonExampleMap' with GeneratedClass '/Game/ThirdPersonBP/Maps/ThirdPersonExampleMap.ThirdPersonExampleMap_C' with ClassGeneratedBy '/Game/ThirdPersonBP/Maps/ThirdPersonExampleMap.ThirdPersonExampleMap:PersistentLevel.ThirdPersonExampleMap'
[2017.12.14-19.36.57:955][ 61]LogBlueprintUserMessages: [ThirdPersonCharacter_167] 50
[2017.12.14-19.36.58:105][ 70]LogBlueprintUserMessages: [ThirdPersonCharacter_167] 0
[2017.12.14-19.37.09:745][762]LogBlueprintUserMessages: Early EndPlayMap Detection: Level '/Game/ThirdPersonBP/Maps/ThirdPersonExampleMap.ThirdPersonExampleMap:PersistentLevel' has LevelScriptBlueprint '/Game/ThirdPersonBP/Maps/ThirdPersonExampleMap.ThirdPersonExampleMap:PersistentLevel.ThirdPersonExampleMap' with GeneratedClass '/Game/ThirdPersonBP/Maps/ThirdPersonExampleMap.ThirdPersonExampleMap_C' with ClassGeneratedBy '/Game/ThirdPersonBP/Maps/ThirdPersonExampleMap.ThirdPersonExampleMap:PersistentLevel.ThirdPersonExampleMap'
[2017.12.14-19.37.09:869][762]LogBlueprintUserMessages: Late EndPlayMap Detection: Level '/Game/ThirdPersonBP/Maps/ThirdPersonExampleMap.ThirdPersonExampleMap:PersistentLevel' has LevelScriptBlueprint '/Game/ThirdPersonBP/Maps/ThirdPersonExampleMap.ThirdPersonExampleMap:PersistentLevel.ThirdPersonExampleMap' with GeneratedClass '/Game/ThirdPersonBP/Maps/ThirdPersonExampleMap.ThirdPersonExampleMap_C' with ClassGeneratedBy '/Game/ThirdPersonBP/Maps/ThirdPersonExampleMap.ThirdPersonExampleMap:PersistentLevel.ThirdPersonExampleMap'
[2017.12.14-19.37.21:176][298]LogEditorViewport: Clicking on Actor (LMB): StaticMeshActor (SM_Dock_Floor5)
[2017.12.14-19.37.26:828][625]LogEditorViewport: Clicking on Actor (LMB): StaticMeshActor (SM_Dock_Floor6)
[2017.12.14-19.37.30:671][851]LogEditorViewport: Clicking on Actor (LMB): Landscape (Landscape)
[2017.12.14-19.37.32:969][975]LogEditorViewport: Clicking on Actor (LMB): StaticMeshActor (SM_Dock_Pillar4)
[2017.12.14-19.37.37:778][253]LogEditorViewport: Clicking on Actor (LMB): Landscape (Landscape)
[2017.12.14-19.37.44:071][615]LogEditorViewport: Clicking on Actor (LMB): StaticMeshActor (SM_Dock_Floor5)
[2017.12.14-19.38.37:702][129]LogEditorViewport: Clicking on Actor (LMB): Landscape (Landscape)
[2017.12.14-19.38.42:124][293]LogEditorViewport: Clicking on Actor (LMB): StaticMeshActor (SM_Dock_Pillar2)
[2017.12.14-19.38.49:098][636]Cmd: POLY SELECT ADJACENT WALLS
[2017.12.14-19.39.07:198][120]LogEditorViewport: Clicking on Actor (LMB): Landscape (Landscape)
[2017.12.14-19.39.10:138][216]LogEditorViewport: Clicking on Actor (LMB): StaticMeshActor (SM_Dock_Pillar6)
[2017.12.14-19.39.14:337][344]LogEditorViewport: Clicking on Actor (LMB): Landscape (Landscape)
[2017.12.14-19.39.31:813][936]LogActorComponent: UnregisterComponent: (/Engine/Transient.SphereBrushComponent) Not registered. Aborting.
[2017.12.14-19.39.34:038][989]LogActorComponent: UnregisterComponent: (/Engine/Transient.SphereBrushComponent) Not registered. Aborting.
[2017.12.14-19.39.34:448][989]LogTexture:Display: Building textures: Texture2D_2 (G8, 128X128)
[2017.12.14-19.39.38:490][118]LogEditorViewport: Clicking on Actor (double click): StaticMeshActor (Cube7)
[2017.12.14-19.39.43:508][291]LogTexture:Display: Building textures: Texture2D_69_BaseColor (BGRA8, 16X16)
[2017.12.14-19.39.43:745][292]LogTexture:Display: Building textures: Texture2D_57_BaseColor (BGRA8, 16X16)
[2017.12.14-19.39.43:978][293]LogTexture:Display: Building textures: Texture2D_73_BaseColor (BGRA8, 16X16)
[2017.12.14-19.39.44:211][294]LogTexture:Display: Building textures: Texture2D_74_BaseColor (BGRA8, 16X16)
[2017.12.14-19.39.44:466][295]LogTexture:Display: Building textures: Texture2D_69_BaseColor (BGRA8, 16X16)
[2017.12.14-19.39.46:832][351]LogEditorViewport: Clicking on Actor (double click): Landscape (Landscape)
[2017.12.14-19.39.47:221][359]LogEditorViewport: Clicking on Actor (double click): Landscape (Landscape)
[2017.12.14-19.39.47:574][366]LogEditorViewport: Clicking on Actor (double click): Landscape (Landscape)
[2017.12.14-19.39.48:135][377]LogEditorViewport: Clicking on Actor (double click): LightmassImportanceVolume (LightmassImportanceVolume)
[2017.12.14-19.39.48:581][385]LogEditorViewport: Clicking on Actor (double click): LightmassImportanceVolume (LightmassImportanceVolume)
[2017.12.14-19.39.49:523][399]LogEditorViewport: Clicking on Actor (double click): Landscape (Landscape)
[2017.12.14-19.39.50:128][407]LogEditorViewport: Clicking on Actor (double click): Landscape (Landscape)
[2017.12.14-19.39.50:663][413]LogEditorViewport: Clicking on Actor (double click): Landscape (Landscape)
[2017.12.14-19.39.56:499][487]LogTemp: Repeting last play command: Selected Viewport
[2017.12.14-19.39.56:517][487]LogBlueprintUserMessages: Early PlayInEditor Detection: Level '/Game/ThirdPersonBP/Maps/ThirdPersonExampleMap.ThirdPersonExampleMap:PersistentLevel' has LevelScriptBlueprint '/Game/ThirdPersonBP/Maps/ThirdPersonExampleMap.ThirdPersonExampleMap:PersistentLevel.ThirdPersonExampleMap' with GeneratedClass '/Game/ThirdPersonBP/Maps/ThirdPersonExampleMap.ThirdPersonExampleMap_C' with ClassGeneratedBy '/Game/ThirdPersonBP/Maps/ThirdPersonExampleMap.ThirdPersonExampleMap:PersistentLevel.ThirdPersonExampleMap'
[2017.12.14-19.39.56:517][487]LogPlayLevel: PlayLevel: No blueprints needed recompiling
[2017.12.14-19.39.56:518][487]PIE: New page: PIE session: ThirdPersonExampleMap (Dec 14, 2017, 9:39:56 PM)
[2017.12.14-19.39.56:518][487]LogPlayLevel: Creating play world package: /Game/ThirdPersonBP/Maps/UEDPIE_0_ThirdPersonExampleMap
[2017.12.14-19.39.56:954][487]LogPlayLevel: PIE: StaticDuplicateObject took: (0.435575s)
[2017.12.14-19.39.56:954][487]LogAIModule: Creating AISystem for world ThirdPersonExampleMap
[2017.12.14-19.39.56:954][487]LogPlayLevel: PIE: World Init took: (0.000874s)
[2017.12.14-19.39.56:957][487]LogPlayLevel: PIE: Created PIE world by copying editor world from /Game/ThirdPersonBP/Maps/ThirdPersonExampleMap.ThirdPersonExampleMap to /Game/ThirdPersonBP/Maps/UEDPIE_0_ThirdPersonExampleMap.ThirdPersonExampleMap (0.439231s)
[2017.12.14-19.39.56:983][487]LogInit: XAudio2 using 'Altavoces (Realtek High Definition Audio)' : 2 channels at 48 kHz using 32 bits per sample (channel mask 0x3)
[2017.12.14-19.39.56:995][487]LogInit: FAudioDevice initialized.
[2017.12.14-19.39.57:038][487]LogLoad: Game class is 'ThirdPersonGameMode_C'
[2017.12.14-19.39.57:200][487]LogWorld: Bringing World /Game/ThirdPersonBP/Maps/UEDPIE_0_ThirdPersonExampleMap.ThirdPersonExampleMap up for play (max tick rate 60) at 2017.12.14-20.39.57
[2017.12.14-19.39.57:208][487]LogWorld: Bringing up level for play took: 0.166330
[2017.12.14-19.39.57:218][487]PIE: Info Play in editor start time for /Game/ThirdPersonBP/Maps/UEDPIE_0_ThirdPersonExampleMap -0.219
[2017.12.14-19.39.57:221][487]LogBlueprintUserMessages: Late PlayInEditor Detection: Level '/Game/ThirdPersonBP/Maps/ThirdPersonExampleMap.ThirdPersonExampleMap:PersistentLevel' has LevelScriptBlueprint '/Game/ThirdPersonBP/Maps/ThirdPersonExampleMap.ThirdPersonExampleMap:PersistentLevel.ThirdPersonExampleMap' with GeneratedClass '/Game/ThirdPersonBP/Maps/ThirdPersonExampleMap.ThirdPersonExampleMap_C' with ClassGeneratedBy '/Game/ThirdPersonBP/Maps/ThirdPersonExampleMap.ThirdPersonExampleMap:PersistentLevel.ThirdPersonExampleMap'
[2017.12.14-19.39.59:602][516]LogBlueprintUserMessages: [ThirdPersonCharacter_167] 50
[2017.12.14-19.39.59:781][518]LogBlueprintUserMessages: [ThirdPersonCharacter_167] 0
[2017.12.14-19.40.05:506][592]LogBlueprintUserMessages: Early EndPlayMap Detection: Level '/Game/ThirdPersonBP/Maps/ThirdPersonExampleMap.ThirdPersonExampleMap:PersistentLevel' has LevelScriptBlueprint '/Game/ThirdPersonBP/Maps/ThirdPersonExampleMap.ThirdPersonExampleMap:PersistentLevel.ThirdPersonExampleMap' with GeneratedClass '/Game/ThirdPersonBP/Maps/ThirdPersonExampleMap.ThirdPersonExampleMap_C' with ClassGeneratedBy '/Game/ThirdPersonBP/Maps/ThirdPersonExampleMap.ThirdPersonExampleMap:PersistentLevel.ThirdPersonExampleMap'
[2017.12.14-19.40.05:655][592]LogBlueprintUserMessages: Late EndPlayMap Detection: Level '/Game/ThirdPersonBP/Maps/ThirdPersonExampleMap.ThirdPersonExampleMap:PersistentLevel' has LevelScriptBlueprint '/Game/ThirdPersonBP/Maps/ThirdPersonExampleMap.ThirdPersonExampleMap:PersistentLevel.ThirdPersonExampleMap' with GeneratedClass '/Game/ThirdPersonBP/Maps/ThirdPersonExampleMap.ThirdPersonExampleMap_C' with ClassGeneratedBy '/Game/ThirdPersonBP/Maps/ThirdPersonExampleMap.ThirdPersonExampleMap:PersistentLevel.ThirdPersonExampleMap'
[2017.12.14-19.40.08:706][624]LogTexture:Display: Building textures: Texture2D_69_BaseColor (BGRA8, 16X16)
[2017.12.14-19.40.08:958][625]LogTexture:Display: Building textures: Texture2D_57_BaseColor (BGRA8, 16X16)
[2017.12.14-19.40.09:215][626]LogTexture:Display: Building textures: Texture2D_73_BaseColor (BGRA8, 16X16)
[2017.12.14-19.40.09:497][627]LogTexture:Display: Building textures: Texture2D_74_BaseColor (BGRA8, 16X16)
[2017.12.14-19.40.09:773][628]LogTexture:Display: Building textures: Texture2D_75_BaseColor (BGRA8, 16X16)
[2017.12.14-19.40.10:021][629]LogTexture:Display: Building textures: Texture2D_76_BaseColor (BGRA8, 16X16)
[2017.12.14-19.40.10:275][630]LogTexture:Display: Building textures: Texture2D_44_BaseColor (BGRA8, 16X16)
[2017.12.14-19.40.14:149][717]LogStaticMesh: Building static mesh SM_Wood_Fence...
[2017.12.14-19.40.14:157][717]LogMeshUtilities: Invalid vertex normals found for mesh. Forcing recomputation of vertex normals for MikkTSpace. Fix mesh or disable "Use MikkTSpace Tangent Space" to avoid forced recomputation of normals.
[2017.12.14-19.40.14:158][717]LogStaticMesh: Built static mesh [0.01s] /Game/Environment/Meshes/SM_Wood_Fence.SM_Wood_Fence
[2017.12.14-19.40.14:304][719]LogMeshUtilities: Finished distance field build in 0.0s - 31x8x11 distance field, 90 triangles, Range [-0.0, 0.5], SM_Wood_Fence
[2017.12.14-19.40.14:514][719]LogActorFactory: Actor Factory created SM_Wood_Fence
[2017.12.14-19.40.15:474][748]LogActorFactory: Actor Factory created SM_Wood_Fence
[2017.12.14-19.40.20:617][894]LogEditorViewport: Clicking on Actor (LMB): StaticMeshActor (SM_Wood_Fence)
[2017.12.14-19.40.25:731][ 77]Cmd: DELETE
[2017.12.14-19.40.25:731][ 77]Cmd: ACTOR DELETE
[2017.12.14-19.40.25:746][ 77]LogEditorActor: Deleted Actor: StaticMeshActor
[2017.12.14-19.40.25:764][ 77]LogEditorActor: Deleted 1 Actors (0.033 secs)
[2017.12.14-19.40.45:916][652]LogActorFactory: Actor Factory created SM_Dock_Pillar
[2017.12.14-19.40.47:264][697]LogActorFactory: Actor Factory created SM_Dock_Pillar
[2017.12.14-19.40.48:671][749]Cmd: EDIT COPY
[2017.12.14-19.40.48:825][755]Cmd: EDIT PASTE
[2017.12.14-19.40.52:434][916]LogActorFactory: Actor Factory created SM_Dock_Floor
[2017.12.14-19.40.53:546][969]LogActorFactory: Actor Factory created SM_Dock_Floor
[2017.12.14-19.41.06:443][705]LogEditorViewport: Clicking on Actor (LMB): StaticMeshActor (SM_Dock_Pillar)
[2017.12.14-19.41.11:304][992]LogEditorViewport: Clicking on Actor (LMB): StaticMeshActor (SM_Dock_Pillar5)
[2017.12.14-19.41.12:263][ 47]Cmd: DELETE
[2017.12.14-19.41.12:263][ 47]Cmd: ACTOR DELETE
[2017.12.14-19.41.12:278][ 47]LogEditorActor: Deleted Actor: StaticMeshActor
[2017.12.14-19.41.12:296][ 47]LogEditorActor: Deleted 1 Actors (0.033 secs)
[2017.12.14-19.41.13:965][140]LogEditorViewport: Clicking on Actor (LMB): StaticMeshActor (SM_Dock_Pillar)
[2017.12.14-19.41.15:289][217]LogEditorViewport: Clicking on Actor (LMB): StaticMeshActor (SM_Dock_Floor7)
[2017.12.14-19.41.16:163][267]Cmd: EDIT COPY
[2017.12.14-19.41.16:330][277]Cmd: EDIT PASTE
[2017.12.14-19.41.20:876][544]Cmd: EDIT COPY
[2017.12.14-19.41.21:076][556]Cmd: EDIT PASTE
[2017.12.14-19.41.39:808][630]LogEditorViewport: Clicking on Actor (LMB): StaticMeshActor (SM_Dock_Floor7)
[2017.12.14-19.41.42:427][765]Cmd: EDIT COPY
[2017.12.14-19.41.42:589][774]Cmd: EDIT PASTE
[2017.12.14-19.41.46:421][983]LogEditorViewport: Clicking on Actor (LMB): StaticMeshActor (water24)
[2017.12.14-19.41.47:788][ 56]LogEditorViewport: Clicking on Actor (LMB): StaticMeshActor (SM_Dock_Pillar)
[2017.12.14-19.41.48:528][ 95]Cmd: EDIT COPY
[2017.12.14-19.41.48:758][108]Cmd: EDIT PASTE
[2017.12.14-19.41.51:615][262]Cmd: EDIT COPY
[2017.12.14-19.41.51:825][273]Cmd: EDIT PASTE
[2017.12.14-19.41.54:573][421]Cmd: EDIT COPY
[2017.12.14-19.41.54:821][435]Cmd: EDIT PASTE
[2017.12.14-19.41.59:350][683]Cmd: EDIT COPY
[2017.12.14-19.41.59:565][694]Cmd: EDIT PASTE
[2017.12.14-19.42.01:998][825]Cmd: EDIT COPY
[2017.12.14-19.42.02:188][835]Cmd: EDIT PASTE
[2017.12.14-19.42.05:010][988]LogEditorViewport: Clicking on Actor (LMB): Landscape (Landscape)
[2017.12.14-19.42.55:711][ 83]LogTexture:Display: Building textures: Texture2D_21 (BGRA8, 128X128)
[2017.12.14-19.42.55:746][ 83]LogTexture:Display: Building textures: Texture2D_69_BaseColor (DXT1, 16X16)
[2017.12.14-19.42.55:746][ 83]LogTexture:Display: Building textures: Texture2D_22 (BGRA8, 128X128)
[2017.12.14-19.42.55:748][ 83]LogTexture:Display: Building textures: Texture2D_57_BaseColor (DXT1, 16X16)
[2017.12.14-19.42.55:748][ 83]LogTexture:Display: Building textures: Texture2D_38 (BGRA8, 128X128)
[2017.12.14-19.42.55:749][ 83]LogTexture:Display: Building textures: Texture2D_3 (BGRA8, 128X128)
[2017.12.14-19.42.55:750][ 83]LogTexture:Display: Building textures: Texture2D_73_BaseColor (DXT1, 16X16)
[2017.12.14-19.42.55:751][ 83]LogTexture:Display: Building textures: Texture2D_74_BaseColor (DXT1, 16X16)
[2017.12.14-19.42.55:751][ 83]LogTexture:Display: Building textures: Texture2D_75_BaseColor (DXT1, 16X16)
[2017.12.14-19.42.55:752][ 83]LogTexture:Display: Building textures: Texture2D_76_BaseColor (DXT1, 16X16)
[2017.12.14-19.42.55:752][ 83]LogTexture:Display: Building textures: Texture2D_44_BaseColor (DXT1, 16X16)
[2017.12.14-19.43.03:578][ 83]LogSavePackage: Save=9350.39ms
[2017.12.14-19.43.03:578][ 83]LogSavePackage: Moving '../../../../../Unwinged/unwinged/Saved/ThirdPersonExampleMap_Auto1BB1BE7C84E76D7F460B61EB45EF274D9.tmp' to '../../../../../Unwinged/unwinged/Saved/Autosaves/Game/ThirdPersonBP/Maps/ThirdPersonExampleMap_Auto1.umap'
[2017.12.14-19.43.03:584][ 83]LogSavePackage:Display: Finished SavePackage ../../../../../Unwinged/unwinged/Saved/Autosaves/Game/ThirdPersonBP/Maps/ThirdPersonExampleMap_Auto1.umap
[2017.12.14-19.43.03:589][ 83]LogFileHelpers: Editor autosave (incl. sublevels) for '/Game/ThirdPersonBP/Maps/ThirdPersonExampleMap' took 9.418
[2017.12.14-19.43.03:589][ 83]LogFileHelpers: Editor autosave (incl. sublevels) for all levels took 9.418
[2017.12.14-19.44.58:574][200]LogSavePackage: Save=9690.57ms
[2017.12.14-19.44.58:574][200]LogSavePackage: Moving '../../../../../Unwinged/unwinged/Saved/ThirdPersonExampleMap847CF3FD45354E2B6DB33C8EB84C60B3.tmp' to '../../../../../Unwinged/unwinged/Content/ThirdPersonBP/Maps/ThirdPersonExampleMap.umap'
[2017.12.14-19.44.58:585][200]LogSavePackage:Display: Finished SavePackage ../../../../../Unwinged/unwinged/Content/ThirdPersonBP/Maps/ThirdPersonExampleMap.umap
[2017.12.14-19.44.58:770][200]LogSavePackage: Save=148.22ms
[2017.12.14-19.44.58:770][200]LogSavePackage: Moving '../../../../../Unwinged/unwinged/Saved/ThirdPersonExampleMap_BuiltData861B7D4E48377502127986A3DA5196CE.tmp' to '../../../../../Unwinged/unwinged/Content/ThirdPersonBP/Maps/ThirdPersonExampleMap_BuiltData.uasset'
[2017.12.14-19.44.58:771][200]LogSavePackage:Display: Finished SavePackage ../../../../../Unwinged/unwinged/Content/ThirdPersonBP/Maps/ThirdPersonExampleMap_BuiltData.uasset
[2017.12.14-19.45.08:374][411]Cmd: QUIT_EDITOR
[2017.12.14-19.45.09:370][411]LogWindowsTextInputMethodSystem:Display: IME system now deactivated.
[2017.12.14-19.45.09:393][411]LogExit: Preparing to exit.
[2017.12.14-19.45.10:126][411]LogDirectoryWatcher: A directory notification for 'D:/Unwinged/unwinged/Content/' was aborted.
[2017.12.14-19.45.10:263][411]LogExit: Editor shut down
[2017.12.14-19.45.10:266][411]LogExit: Transaction tracking system shut down
[2017.12.14-19.45.10:343][411]LogObj: Freed 0b from 0 cluster array pools.
[2017.12.14-19.45.10:343][411]LogExit: Object subsystem successfully closed.
[2017.12.14-19.45.10:368][411]LogD3D11RHI: Shutdown
[2017.12.14-19.45.10:368][411]LogD3D11RHI: CleanupD3DDevice
[2017.12.14-19.45.10:372][411]LogD3D11RHI: ~FD3D11DynamicRHI
[2017.12.14-19.45.10:378][411]LogModuleManager: Shutting down and abandoning module MovieSceneCapture (526)
[2017.12.14-19.45.10:378][411]LogModuleManager: Shutting down and abandoning module HierarchicalLODOutliner (524)
[2017.12.14-19.45.10:378][411]LogModuleManager: Shutting down and abandoning module CrashTracker (522)
[2017.12.14-19.45.10:378][411]LogModuleManager: Shutting down and abandoning module SceneOutliner (520)
[2017.12.14-19.45.10:378][411]LogModuleManager: Shutting down and abandoning module AddContentDialog (518)
[2017.12.14-19.45.10:378][411]LogDirectoryWatcher: A directory notification for 'D:/Epic Games/UE_4.16/FeaturePacks/' was aborted.
[2017.12.14-19.45.10:378][411]LogModuleManager: Shutting down and abandoning module WidgetCarousel (517)
[2017.12.14-19.45.10:378][411]LogModuleManager: Shutting down and abandoning module EditorWidgets (514)
[2017.12.14-19.45.10:378][411]LogModuleManager: Shutting down and abandoning module CollectionManager (512)
[2017.12.14-19.45.10:379][411]LogDirectoryWatcher: A directory notification for 'D:/Unwinged/unwinged/Content/Collections/' was aborted.
[2017.12.14-19.45.10:379][411]LogDirectoryWatcher: A directory notification for 'D:/Unwinged/unwinged/Content/Developers/Danie/Collections/' was aborted.
[2017.12.14-19.45.10:379][411]LogDirectoryWatcher: A directory notification for 'D:/Unwinged/unwinged/Saved/Collections/' was aborted.
[2017.12.14-19.45.10:379][411]LogModuleManager: Shutting down and abandoning module StatsViewer (510)
[2017.12.14-19.45.10:379][411]LogModuleManager: Shutting down and abandoning module FoliageEdit (508)
[2017.12.14-19.45.10:379][411]LogModuleManager: Shutting down and abandoning module LandscapeEditor (506)
[2017.12.14-19.45.10:379][411]LogModuleManager: Shutting down and abandoning module MeshPaintMode (504)
[2017.12.14-19.45.10:379][411]LogModuleManager: Shutting down and abandoning module SceneDepthPickerMode (502)
[2017.12.14-19.45.10:379][411]LogModuleManager: Shutting down and abandoning module ActorPickerMode (500)
[2017.12.14-19.45.10:379][411]LogModuleManager: Shutting down and abandoning module GeometryMode (498)
[2017.12.14-19.45.10:379][411]LogModuleManager: Shutting down and abandoning module TextureAlignMode (496)
[2017.12.14-19.45.10:379][411]LogModuleManager: Shutting down and abandoning module BspMode (494)
[2017.12.14-19.45.10:379][411]LogModuleManager: Shutting down and abandoning module HardwareSurvey (492)
[2017.12.14-19.45.10:379][411]LogModuleManager: Shutting down and abandoning module SequenceRecorderSections (490)
[2017.12.14-19.45.10:379][411]LogModuleManager: Shutting down and abandoning module AutomationWorker (488)
[2017.12.14-19.45.10:379][411]LogModuleManager: Shutting down and abandoning module MatineeToLevelSequence (486)
[2017.12.14-19.45.10:379][411]LogModuleManager: Shutting down and abandoning module LevelSequenceEditor (484)
[2017.12.14-19.45.10:379][411]LogModuleManager: Shutting down and abandoning module PlacementMode (483)
[2017.12.14-19.45.10:379][411]LogModuleManager: Shutting down and abandoning module WmfMediaFactory (480)
[2017.12.14-19.45.10:379][411]LogModuleManager: Shutting down and abandoning module WmfMediaEditor (478)
[2017.12.14-19.45.10:379][411]LogModuleManager: Shutting down and abandoning module AvfMediaFactory (476)
[2017.12.14-19.45.10:379][411]LogModuleManager: Shutting down and abandoning module AvfMediaEditor (474)
[2017.12.14-19.45.10:379][411]LogModuleManager: Shutting down and abandoning module AndroidMediaFactory (472)
[2017.12.14-19.45.10:379][411]LogModuleManager: Shutting down and abandoning module Media (471)
[2017.12.14-19.45.10:379][411]LogModuleManager: Shutting down and abandoning module AndroidMediaEditor (468)
[2017.12.14-19.45.10:379][411]LogModuleManager: Shutting down and abandoning module CharacterAI (466)
[2017.12.14-19.45.10:379][411]LogModuleManager: Shutting down and abandoning module AudioCapture (464)
[2017.12.14-19.45.10:379][411]LogModuleManager: Shutting down and abandoning module SequenceRecorder (463)
[2017.12.14-19.45.10:379][411]LogModuleManager: Shutting down and abandoning module SmartSnapping (460)
[2017.12.14-19.45.10:379][411]LogModuleManager: Shutting down and abandoning module SessionServices (458)
[2017.12.14-19.45.10:379][411]LogModuleManager: Shutting down and abandoning module ViewportSnapping (456)
[2017.12.14-19.45.10:379][411]LogModuleManager: Shutting down and abandoning module ViewportInteraction (454)
[2017.12.14-19.45.10:379][411]LogModuleManager: Shutting down and abandoning module ClothPainter (452)
[2017.12.14-19.45.10:379][411]LogModuleManager: Shutting down and abandoning module LogVisualizer (450)
[2017.12.14-19.45.10:379][411]LogModuleManager: Shutting down and abandoning module IntroTutorials (448)
[2017.12.14-19.45.10:379][411]LogModuleManager: Shutting down and abandoning module GameProjectGeneration (447)
[2017.12.14-19.45.10:379][411]LogModuleManager: Shutting down and abandoning module EditorLiveStreaming (444)
[2017.12.14-19.45.10:379][411]LogModuleManager: Shutting down and abandoning module IOSPlatformEditor (442)
[2017.12.14-19.45.10:379][411]LogModuleManager: Shutting down and abandoning module HTML5PlatformEditor (440)
[2017.12.14-19.45.10:379][411]LogModuleManager: Shutting down and abandoning module AndroidPlatformEditor (438)
[2017.12.14-19.45.10:379][411]LogModuleManager: Shutting down and abandoning module AndroidDeviceDetection (437)
[2017.12.14-19.45.10:439][411]LogModuleManager: Shutting down and abandoning module IOSRuntimeSettings (434)
[2017.12.14-19.45.10:439][411]LogModuleManager: Shutting down and abandoning module AndroidRuntimeSettings (432)
[2017.12.14-19.45.10:439][411]LogModuleManager: Shutting down and abandoning module InputBindingEditor (430)
[2017.12.14-19.45.10:439][411]LogModuleManager: Shutting down and abandoning module MergeActors (428)
[2017.12.14-19.45.10:439][411]LogModuleManager: Shutting down and abandoning module SizeMap (426)
[2017.12.14-19.45.10:439][411]LogModuleManager: Shutting down and abandoning module TreeMap (424)
[2017.12.14-19.45.10:439][411]LogModuleManager: Shutting down and abandoning module ReferenceViewer (422)
[2017.12.14-19.45.10:439][411]LogModuleManager: Shutting down and abandoning module LocalizationDashboard (420)
[2017.12.14-19.45.10:440][411]LogModuleManager: Shutting down and abandoning module LocalizationService (419)
[2017.12.14-19.45.10:440][411]LogModuleManager: Shutting down and abandoning module HardwareTargeting (416)
[2017.12.14-19.45.10:440][411]LogModuleManager: Shutting down and abandoning module DeviceProfileEditor (414)
[2017.12.14-19.45.10:440][411]LogModuleManager: Shutting down and abandoning module UndoHistory (412)
[2017.12.14-19.45.10:440][411]LogModuleManager: Shutting down and abandoning module UserFeedback (410)
[2017.12.14-19.45.10:440][411]LogModuleManager: Shutting down and abandoning module XmlParser (408)
[2017.12.14-19.45.10:440][411]LogModuleManager: Shutting down and abandoning module Blutility (406)
[2017.12.14-19.45.10:440][411]LogModuleManager: Shutting down and abandoning module ProjectSettingsViewer (404)
[2017.12.14-19.45.10:440][411]LogModuleManager: Shutting down and abandoning module ProjectTargetPlatformEditor (403)
[2017.12.14-19.45.10:440][411]LogModuleManager: Shutting down and abandoning module EditorSettingsViewer (400)
[2017.12.14-19.45.10:440][411]LogModuleManager: Shutting down and abandoning module SettingsEditor (398)
[2017.12.14-19.45.10:440][411]LogModuleManager: Shutting down and abandoning module ProjectLauncher (396)
[2017.12.14-19.45.10:440][411]LogModuleManager: Shutting down and abandoning module SessionFrontend (394)
[2017.12.14-19.45.10:440][411]LogModuleManager: Shutting down and abandoning module ProfilerClient (392)
[2017.12.14-19.45.10:440][411]LogModuleManager: Shutting down and abandoning module DeviceManager (390)
[2017.12.14-19.45.10:440][411]LogModuleManager: Shutting down and abandoning module TargetDeviceServices (389)
[2017.12.14-19.45.10:493][411]LogModuleManager: Shutting down and abandoning module AutomationController (386)
[2017.12.14-19.45.10:493][411]LogModuleManager: Shutting down and abandoning module AutomationWindow (384)
[2017.12.14-19.45.10:493][411]LogModuleManager: Shutting down and abandoning module Layers (382)
[2017.12.14-19.45.10:493][411]LogModuleManager: Shutting down and abandoning module ComponentVisualizers (380)
[2017.12.14-19.45.10:493][411]LogModuleManager: Shutting down and abandoning module DetailCustomizations (378)
[2017.12.14-19.45.10:493][411]LogModuleManager: Shutting down and abandoning module PackagesDialog (376)
[2017.12.14-19.45.10:493][411]LogModuleManager: Shutting down and abandoning module Persona (374)
[2017.12.14-19.45.10:493][411]LogModuleManager: Shutting down and abandoning module AdvancedPreviewScene (373)
[2017.12.14-19.45.10:493][411]LogModuleManager: Shutting down and abandoning module AnimGraph (371)
[2017.12.14-19.45.10:493][411]LogModuleManager: Shutting down and abandoning module Kismet (368)
[2017.12.14-19.45.10:494][411]LogModuleManager: Shutting down and abandoning module ClassViewer (366)
[2017.12.14-19.45.10:494][411]LogModuleManager: Shutting down and abandoning module Toolbox (364)
[2017.12.14-19.45.10:494][411]LogModuleManager: Shutting down and abandoning module ModuleUI (362)
[2017.12.14-19.45.10:494][411]LogModuleManager: Shutting down and abandoning module MovieSceneTools (360)
[2017.12.14-19.45.10:494][411]LogModuleManager: Shutting down and abandoning module OutputLog (358)
[2017.12.14-19.45.10:494][411]LogModuleManager: Shutting down and abandoning module GammaUI (356)
[2017.12.14-19.45.10:494][411]LogModuleManager: Shutting down and abandoning module Documentation (354)
[2017.12.14-19.45.10:494][411]LogModuleManager: Shutting down and abandoning module MovieSceneTracks (352)
[2017.12.14-19.45.10:494][411]LogModuleManager: Shutting down and abandoning module MovieScene (350)
[2017.12.14-19.45.10:494][411]LogModuleManager: Shutting down and abandoning module Niagara (348)
[2017.12.14-19.45.10:494][411]LogModuleManager: Shutting down and abandoning module NiagaraEditor (347)
[2017.12.14-19.45.10:494][411]LogModuleManager: Shutting down and abandoning module StreamingPauseRendering (344)
[2017.12.14-19.45.10:494][411]LogModuleManager: Shutting down and abandoning module AnalyticsET (342)
[2017.12.14-19.45.10:494][411]LogModuleManager: Shutting down and abandoning module PortalServices (340)
[2017.12.14-19.45.10:494][411]LogModuleManager: Shutting down and abandoning module PortalRpc (338)
[2017.12.14-19.45.10:494][411]LogModuleManager: Shutting down and abandoning module MessagingRpc (336)
[2017.12.14-19.45.10:494][411]LogModuleManager: Shutting down and abandoning module AIModule (334)
[2017.12.14-19.45.10:494][411]LogModuleManager: Shutting down and abandoning module GameplayDebugger (333)
[2017.12.14-19.45.10:495][411]LogModuleManager: Shutting down and abandoning module AITestSuite (331)
[2017.12.14-19.45.10:495][411]LogModuleManager: Shutting down and abandoning module ProfilerService (328)
[2017.12.14-19.45.10:504][411]LogModuleManager: Shutting down and abandoning module TaskGraph (326)
[2017.12.14-19.45.10:504][411]LogModuleManager: Shutting down and abandoning module SteamVRController (324)
[2017.12.14-19.45.10:504][411]LogModuleManager: Shutting down and abandoning module SteamVR (322)
[2017.12.14-19.45.10:504][411]LogModuleManager: Shutting down and abandoning module ProceduralMeshComponentEditor (320)
[2017.12.14-19.45.10:504][411]LogModuleManager: Shutting down and abandoning module ProceduralMeshComponent (318)
[2017.12.14-19.45.10:504][411]LogModuleManager: Shutting down and abandoning module OculusLibrary (316)
[2017.12.14-19.45.10:504][411]LogModuleManager: Shutting down and abandoning module OculusInput (314)
[2017.12.14-19.45.10:504][411]LogModuleManager: Shutting down and abandoning module MobilePatchingUtils (312)
[2017.12.14-19.45.10:504][411]LogModuleManager: Shutting down and abandoning module CustomMeshComponent (310)
[2017.12.14-19.45.10:504][411]LogModuleManager: Shutting down and abandoning module CableComponent (308)
[2017.12.14-19.45.10:504][411]LogModuleManager: Shutting down and abandoning module ArchVisCharacter (306)
[2017.12.14-19.45.10:504][411]LogModuleManager: Shutting down and abandoning module AndroidPermission (304)
[2017.12.14-19.45.10:504][411]LogModuleManager: Shutting down and abandoning module MediaPlayerEditor (300)
[2017.12.14-19.45.10:504][411]LogModuleManager: Shutting down and abandoning module HTML5Networking (298)
[2017.12.14-19.45.10:504][411]LogModuleManager: Shutting down and abandoning module AlembicImporter (296)
[2017.12.14-19.45.10:504][411]LogModuleManager: Shutting down and abandoning module AlembicLibrary (295)
[2017.12.14-19.45.10:504][411]LogModuleManager: Shutting down and abandoning module GeometryCache (294)
[2017.12.14-19.45.10:504][411]LogModuleManager: Shutting down and abandoning module GeometryCacheEd (293)
[2017.12.14-19.45.10:504][411]LogModuleManager: Shutting down and abandoning module SuperSearchEditor (288)
[2017.12.14-19.45.10:504][411]LogModuleManager: Shutting down and abandoning module SuperSearch (287)
[2017.12.14-19.45.10:504][411]LogModuleManager: Shutting down and abandoning module SpeedTreeImporter (284)
[2017.12.14-19.45.10:504][411]LogModuleManager: Shutting down and abandoning module PluginBrowser (282)
[2017.12.14-19.45.10:504][411]LogModuleManager: Shutting down and abandoning module MobileLauncherProfileWizard (280)
[2017.12.14-19.45.10:504][411]LogModuleManager: Shutting down and abandoning module VisualStudioSourceCodeAccess (278)
[2017.12.14-19.45.10:504][411]LogModuleManager: Shutting down and abandoning module DesktopPlatform (277)
[2017.12.14-19.45.10:504][411]LogModuleManager: Shutting down and abandoning module UObjectPlugin (274)
[2017.12.14-19.45.10:504][411]LogModuleManager: Shutting down and abandoning module SubversionSourceControl (272)
[2017.12.14-19.45.10:504][411]LogModuleManager: Shutting down and abandoning module PerforceSourceControl (270)
[2017.12.14-19.45.10:504][411]LogModuleManager: Shutting down and abandoning module GitSourceControl (268)
[2017.12.14-19.45.10:504][411]LogModuleManager: Shutting down and abandoning module SourceControl (267)
[2017.12.14-19.45.10:504][411]LogModuleManager: Shutting down and abandoning module LightPropagationVolumeEditor (264)
[2017.12.14-19.45.10:504][411]LogModuleManager: Shutting down and abandoning module PaperTiledImporter (262)
[2017.12.14-19.45.10:504][411]LogModuleManager: Shutting down and abandoning module PaperSpriteSheetImporter (260)
[2017.12.14-19.45.10:504][411]LogModuleManager: Shutting down and abandoning module Paper2DEditor (258)
[2017.12.14-19.45.10:504][411]LogModuleManager: Shutting down and abandoning module MeshPaint (257)
[2017.12.14-19.45.10:504][411]LogModuleManager: Shutting down and abandoning module LevelEditor (255)
[2017.12.14-19.45.10:505][411]LogModuleManager: Shutting down and abandoning module PixelInspectorModule (254)
[2017.12.14-19.45.10:505][411]LogModuleManager: Shutting down and abandoning module MainFrame (252)
[2017.12.14-19.45.10:505][411]LogModuleManager: Shutting down and abandoning module HotReload (251)
[2017.12.14-19.45.10:505][411]LogModuleManager: Shutting down and abandoning module PhysXVehiclesEditor (246)
[2017.12.14-19.45.10:505][411]LogModuleManager: Shutting down and abandoning module PhysXVehicles (244)
[2017.12.14-19.45.10:505][411]LogModuleManager: Shutting down and abandoning module LocationServicesBPLibrary (242)
[2017.12.14-19.45.10:505][411]LogModuleManager: Shutting down and abandoning module ImmediatePhysicsEditor (240)
[2017.12.14-19.45.10:505][411]LogModuleManager: Shutting down and abandoning module ImmediatePhysics (238)
[2017.12.14-19.45.10:505][411]LogModuleManager: Shutting down and abandoning module UdpMessaging (236)
[2017.12.14-19.45.10:606][411]LogModuleManager: Shutting down and abandoning module TcpMessaging (234)
[2017.12.14-19.45.10:707][411]LogModuleManager: Shutting down and abandoning module GameplayTagsEditor (232)
[2017.12.14-19.45.10:707][411]LogModuleManager: Shutting down and abandoning module FacialAnimationEditor (230)
[2017.12.14-19.45.10:707][411]LogModuleManager: Shutting down and abandoning module FacialAnimation (228)
[2017.12.14-19.45.10:707][411]LogModuleManager: Shutting down and abandoning module AssetManagerEditor (226)
[2017.12.14-19.45.10:707][411]LogModuleManager: Shutting down and abandoning module GraphEditor (225)
[2017.12.14-19.45.10:707][411]LogModuleManager: Shutting down and abandoning module ContentBrowser (223)
[2017.12.14-19.45.10:710][411]LogModuleManager: Shutting down and abandoning module LightPropagationVolumeRuntime (220)
[2017.12.14-19.45.10:710][411]LogModuleManager: Shutting down and abandoning module Paper2D (218)
[2017.12.14-19.45.10:710][411]LogModuleManager: Shutting down and abandoning module WindowsMoviePlayer (216)
[2017.12.14-19.45.10:710][411]LogModuleManager: Shutting down and abandoning module WmfMedia (214)
[2017.12.14-19.45.10:714][411]LogModuleManager: Shutting down and abandoning module ClothingSystemEditor (212)
[2017.12.14-19.45.10:714][411]LogModuleManager: Shutting down and abandoning module ClothingSystemRuntime (210)
[2017.12.14-19.45.10:714][411]LogModuleManager: Shutting down and abandoning module MediaAssets (208)
[2017.12.14-19.45.10:714][411]LogModuleManager: Shutting down and abandoning module GameLiveStreaming (206)
[2017.12.14-19.45.10:715][411]LogModuleManager: Shutting down and abandoning module VREditor (204)
[2017.12.14-19.45.10:715][411]LogModuleManager: Shutting down and abandoning module StringTableEditor (202)
[2017.12.14-19.45.10:715][411]LogModuleManager: Shutting down and abandoning module GameplayTasksEditor (200)
[2017.12.14-19.45.10:715][411]LogModuleManager: Shutting down and abandoning module BehaviorTreeEditor (198)
[2017.12.14-19.45.10:715][411]LogModuleManager: Shutting down and abandoning module FunctionalTesting (196)
[2017.12.14-19.45.10:715][411]LogModuleManager: Shutting down and abandoning module CollisionAnalyzer (194)
[2017.12.14-19.45.10:715][411]LogModuleManager: Shutting down and abandoning module UMG (192)
[2017.12.14-19.45.10:715][411]LogModuleManager: Shutting down and abandoning module UMGEditor (191)
[2017.12.14-19.45.10:715][411]LogModuleManager: Shutting down and abandoning module Sequencer (190)
[2017.12.14-19.45.10:715][411]LogModuleManager: Shutting down and abandoning module AssetTools (188)
[2017.12.14-19.45.10:715][411]LogModuleManager: Shutting down and abandoning module MessageLog (187)
[2017.12.14-19.45.10:715][411]LogModuleManager: Shutting down and abandoning module WorkspaceMenuStructure (186)
[2017.12.14-19.45.10:715][411]LogModuleManager: Shutting down and abandoning module SlateReflector (180)
[2017.12.14-19.45.10:716][411]LogModuleManager: Shutting down and abandoning module Slate (178)
[2017.12.14-19.45.10:716][411]LogModuleManager: Shutting down and abandoning module EditorStyle (176)
[2017.12.14-19.45.10:721][411]LogModuleManager: Shutting down and abandoning module SourceCodeAccess (174)
[2017.12.14-19.45.10:721][411]LogModuleManager: Shutting down and abandoning module HeadMountedDisplay (172)
[2017.12.14-19.45.10:721][411]LogModuleManager: Shutting down and abandoning module XAudio2 (170)
[2017.12.14-19.45.10:721][411]LogModuleManager: Shutting down and abandoning module Networking (168)
[2017.12.14-19.45.10:721][411]LogModuleManager: Shutting down and abandoning module Core (164)
[2017.12.14-19.45.10:721][411]LogModuleManager: Shutting down and abandoning module AssetRegistry (162)
[2017.12.14-19.45.10:920][411]LogDirectoryWatcher: A directory notification for '../../../Engine/Content/' was aborted.
[2017.12.14-19.45.10:920][411]LogDirectoryWatcher: A directory notification for '../../../../../Unwinged/unwinged/Content/' was aborted.
[2017.12.14-19.45.10:920][411]LogDirectoryWatcher: A directory notification for '../../../Engine/Plugins/2D/Paper2D/Content/' was aborted.
[2017.12.14-19.45.10:920][411]LogDirectoryWatcher: A directory notification for '../../../Engine/Plugins/Runtime/GearVR/Content/' was aborted.
[2017.12.14-19.45.10:923][411]LogModuleManager: Shutting down and abandoning module DirectoryWatcher (161)
[2017.12.14-19.45.10:923][411]LogModuleManager: Shutting down and abandoning module KismetCompiler (158)
[2017.12.14-19.45.10:923][411]LogModuleManager: Shutting down and abandoning module LevelSequence (156)
[2017.12.14-19.45.10:923][411]LogModuleManager: Shutting down and abandoning module PhysXFormats (154)
[2017.12.14-19.45.10:923][411]LogModuleManager: Shutting down and abandoning module MeshUtilities (152)
[2017.12.14-19.45.10:923][411]LogModuleManager: Shutting down and abandoning module SimplygonSwarm (151)
[2017.12.14-19.45.10:923][411]LogModuleManager: Shutting down and abandoning module SimplygonMeshReduction (149)
[2017.12.14-19.45.10:923][411]LogModuleManager: Shutting down and abandoning module QuadricMeshReduction (147)
[2017.12.14-19.45.10:923][411]LogModuleManager: Shutting down and abandoning module DerivedDataCache (144)
[2017.12.14-19.45.10:958][411]LogDerivedDataCache: Shutdown
[2017.12.14-19.45.10:958][411]LogModuleManager: Shutting down and abandoning module TargetPlatform (142)
[2017.12.14-19.45.10:958][411]LogModuleManager: Shutting down and abandoning module VulkanShaderFormat (141)
[2017.12.14-19.45.10:958][411]LogModuleManager: Shutting down and abandoning module ShaderFormatVectorVM (139)
[2017.12.14-19.45.10:958][411]LogModuleManager: Shutting down and abandoning module ShaderFormatOpenGL (137)
[2017.12.14-19.45.10:958][411]LogModuleManager: Shutting down and abandoning module ShaderFormatD3D (135)
[2017.12.14-19.45.10:958][411]LogModuleManager: Shutting down and abandoning module MetalShaderFormat (133)
[2017.12.14-19.45.10:958][411]LogModuleManager: Shutting down and abandoning module TextureFormatUncompressed (131)
[2017.12.14-19.45.10:958][411]LogModuleManager: Shutting down and abandoning module TextureFormatPVR (129)
[2017.12.14-19.45.10:958][411]LogModuleManager: Shutting down and abandoning module TextureFormatDXT (127)
[2017.12.14-19.45.10:958][411]LogModuleManager: Shutting down and abandoning module TextureFormatIntelISPCTexComp (125)
[2017.12.14-19.45.10:958][411]LogModuleManager: Shutting down and abandoning module TextureFormatASTC (123)
[2017.12.14-19.45.10:958][411]LogModuleManager: Shutting down and abandoning module ImageWrapper (122)
[2017.12.14-19.45.10:958][411]LogModuleManager: Shutting down and abandoning module TextureFormatAndroid (119)
[2017.12.14-19.45.10:958][411]LogModuleManager: Shutting down and abandoning module AudioFormatOpus (117)
[2017.12.14-19.45.10:958][411]LogModuleManager: Shutting down and abandoning module AudioFormatOgg (115)
[2017.12.14-19.45.10:958][411]LogModuleManager: Shutting down and abandoning module AudioFormatADPCM (113)
[2017.12.14-19.45.10:958][411]LogModuleManager: Shutting down and abandoning module LinuxTargetPlatform (111)
[2017.12.14-19.45.10:958][411]LogModuleManager: Shutting down and abandoning module LinuxServerTargetPlatform (109)
[2017.12.14-19.45.10:958][411]LogModuleManager: Shutting down and abandoning module LinuxNoEditorTargetPlatform (107)
[2017.12.14-19.45.10:958][411]LogModuleManager: Shutting down and abandoning module LinuxClientTargetPlatform (105)
[2017.12.14-19.45.10:958][411]LogModuleManager: Shutting down and abandoning module TVOSTargetPlatform (103)
[2017.12.14-19.45.10:958][411]LogModuleManager: Shutting down and abandoning module Messaging (101)
[2017.12.14-19.45.10:958][411]LogModuleManager: Shutting down and abandoning module IOSTargetPlatform (99)
[2017.12.14-19.45.10:958][411]LogModuleManager: Shutting down and abandoning module HTML5TargetPlatform (97)
[2017.12.14-19.45.10:958][411]LogModuleManager: Shutting down and abandoning module Android_PVRTCTargetPlatform (95)
[2017.12.14-19.45.10:958][411]LogModuleManager: Shutting down and abandoning module Android_MultiTargetPlatform (93)
[2017.12.14-19.45.10:958][411]LogModuleManager: Shutting down and abandoning module Android_ETC2TargetPlatform (91)
[2017.12.14-19.45.10:958][411]LogModuleManager: Shutting down and abandoning module Android_ETC1TargetPlatform (89)
[2017.12.14-19.45.10:958][411]LogModuleManager: Shutting down and abandoning module Android_DXTTargetPlatform (87)
[2017.12.14-19.45.10:958][411]LogModuleManager: Shutting down and abandoning module Android_ATCTargetPlatform (85)
[2017.12.14-19.45.10:958][411]LogModuleManager: Shutting down and abandoning module Android_ASTCTargetPlatform (83)
[2017.12.14-19.45.10:959][411]LogModuleManager: Shutting down and abandoning module AndroidTargetPlatform (81)
[2017.12.14-19.45.10:959][411]LogModuleManager: Shutting down and abandoning module WindowsTargetPlatform (79)
[2017.12.14-19.45.10:959][411]LogModuleManager: Shutting down and abandoning module WindowsServerTargetPlatform (77)
[2017.12.14-19.45.10:959][411]LogModuleManager: Shutting down and abandoning module WindowsNoEditorTargetPlatform (75)
[2017.12.14-19.45.10:959][411]LogModuleManager: Shutting down and abandoning module WindowsClientTargetPlatform (73)
[2017.12.14-19.45.10:959][411]LogModuleManager: Shutting down and abandoning module MacTargetPlatform (71)
[2017.12.14-19.45.10:959][411]LogModuleManager: Shutting down and abandoning module MacServerTargetPlatform (69)
[2017.12.14-19.45.10:959][411]LogModuleManager: Shutting down and abandoning module MacNoEditorTargetPlatform (67)
[2017.12.14-19.45.10:959][411]LogModuleManager: Shutting down and abandoning module MacClientTargetPlatform (65)
[2017.12.14-19.45.10:959][411]LogModuleManager: Shutting down and abandoning module AllDesktopTargetPlatform (63)
[2017.12.14-19.45.10:959][411]LogModuleManager: Shutting down and abandoning module InputCore (60)
[2017.12.14-19.45.10:959][411]LogModuleManager: Shutting down and abandoning module Settings (58)
[2017.12.14-19.45.10:959][411]LogModuleManager: Shutting down and abandoning module OculusRift (56)
[2017.12.14-19.45.10:959][411]LogModuleManager: Shutting down and abandoning module GearVRController (54)
[2017.12.14-19.45.10:959][411]LogModuleManager: Shutting down and abandoning module GearVR (52)
[2017.12.14-19.45.10:959][411]LogModuleManager: Shutting down and abandoning module ExampleDeviceProfileSelector (50)
[2017.12.14-19.45.10:959][411]LogModuleManager: Shutting down and abandoning module OnlineBlueprintSupport (48)
[2017.12.14-19.45.10:959][411]LogModuleManager: Shutting down and abandoning module OnlineSubsystem (44)
[2017.12.14-19.45.10:959][411]LogOnline:Display: Unloading online subsystem: NULL
[2017.12.14-19.45.10:959][411]LogModuleManager: Shutting down and abandoning module XMPP (43)
[2017.12.14-19.45.10:959][411]LogModuleManager: Shutting down and abandoning module HTTP (41)
[2017.12.14-19.45.10:959][411]LogHttp:Display: Http module shutting down, but needs to wait on 1 outstanding Http requests:
[2017.12.14-19.45.10:959][411]LogHttp:Display: 	verb=[POST] url=[https://datarouter.ol.epicgames.com/datarouter/api/v1/public/data?SessionID=%7B2E2140D6-4467-DBE4-F9A7-13ABBDC6393C%7D&AppID=UEEditor.Rocket.Release&AppVersion=4.16.3-3561208%2B%2B%2BUE4%2BRelease-4.16&UserID=d6230a7d43f503fee847048f3c44bbb2%7Ccb1b65c76f5d4bd48bd9cb36ee9b5b47%7C1315b0e8-faef-4a91-8851-0107b7aba274&AppEnvironment=datacollector-binary&UploadType=eteventstream] status=Processing
[2017.12.14-19.45.10:983][411]LogModuleManager: Shutting down and abandoning module SSL (40)
[2017.12.14-19.45.10:984][411]LogModuleManager: Shutting down and abandoning module HTTPChunkInstaller (36)
[2017.12.14-19.45.10:984][411]LogModuleManager: Shutting down and abandoning module AnimationModifiers (34)
[2017.12.14-19.45.10:984][411]LogModuleManager: Shutting down and abandoning module PropertyEditor (33)
[2017.12.14-19.45.10:984][411]LogModuleManager: Shutting down and abandoning module AudioEditor (30)
[2017.12.14-19.45.10:984][411]LogModuleManager: Shutting down and abandoning module TextureCompressor (28)
[2017.12.14-19.45.10:985][411]LogModuleManager: Shutting down and abandoning module ShaderCore (26)
[2017.12.14-19.45.10:985][411]LogModuleManager: Shutting down and abandoning module Landscape (24)
[2017.12.14-19.45.10:985][411]LogModuleManager: Shutting down and abandoning module SlateRHIRenderer (22)
[2017.12.14-19.45.10:985][411]LogModuleManager: Shutting down and abandoning module OpenGLDrv (20)
[2017.12.14-19.45.10:985][411]LogModuleManager: Shutting down and abandoning module D3D11RHI (18)
[2017.12.14-19.45.10:985][411]LogModuleManager: Shutting down and abandoning module AnimGraphRuntime (16)
[2017.12.14-19.45.10:985][411]LogModuleManager: Shutting down and abandoning module Renderer (14)
[2017.12.14-19.45.10:985][411]LogModuleManager: Shutting down and abandoning module Engine (12)
[2017.12.14-19.45.10:985][411]LogModuleManager: Shutting down and abandoning module CoreUObject (10)
[2017.12.14-19.45.10:985][411]LogModuleManager: Shutting down and abandoning module NetworkFile (8)
[2017.12.14-19.45.10:985][411]LogModuleManager: Shutting down and abandoning module StreamingFile (6)
[2017.12.14-19.45.10:985][411]LogModuleManager: Shutting down and abandoning module SandboxFile (4)
[2017.12.14-19.45.10:985][411]LogModuleManager: Shutting down and abandoning module PakFile (2)
[2017.12.14-19.45.10:987][411]LogExit: Exiting.
[2017.12.14-19.45.10:998][411]Log file closed, 12/14/17 20:45:10
