Log file open, 12/12/17 19:26:18
LogInit:Display: Running engine for game: unwinged
LogPlatformFile: Not using cached read wrapper
LogInit:Display: RandInit(-1072762133) SRandInit(-1072762133).
LogTaskGraph: Started task graph with 5 named threads and 8 total threads with 1 sets of task threads.
LogStats: Stats thread started at 0.084179
LogInit: Using libcurl 7.47.1
LogInit:  - built for x86_64-pc-win32
LogInit:  - supports SSL with OpenSSL/1.0.2g
LogInit:  - supports HTTP deflate (compression) using libz 1.2.8
LogInit:  - other features:
LogInit:      CURL_VERSION_SSL
LogInit:      CURL_VERSION_LIBZ
LogInit:      CURL_VERSION_IPV6
LogInit:      CURL_VERSION_ASYNCHDNS
LogInit:      CURL_VERSION_LARGEFILE
LogInit:      CURL_VERSION_IDN
LogInit:  CurlRequestOptions (configurable via config and command line):
LogInit:  - bVerifyPeer = false  - Libcurl will NOT verify peer certificate
LogInit:  - bUseHttpProxy = false  - Libcurl will NOT use HTTP proxy
LogInit:  - bDontReuseConnections = false  - Libcurl will reuse connections
LogInit:  - CertBundlePath = nullptr  - Libcurl will use whatever was configured at build time.
LogInit: Build: ++UE4+Release-4.16-CL-3561208
LogInit: Engine Version: 4.16.3-3561208+++UE4+Release-4.16
LogInit: Compatible Engine Version: 4.16.0-3452394+++UE4+Release-4.16
LogInit: Net CL: 3452394
LogDevObjectVersion: Number of dev versions registered: 16
LogDevObjectVersion:   Dev-Blueprints (B0D832E4-1F89-4F0D-ACCF-7EB736FD4AA2): 9
LogDevObjectVersion:   Dev-Build (E1C64328-A22C-4D53-A36C-8E866417BD8C): 0
LogDevObjectVersion:   Dev-Core (375EC13C-06E4-48FB-B500-84F0262A717E): 2
LogDevObjectVersion:   Dev-Editor (E4B068ED-F494-42E9-A231-DA0B2E46BB41): 17
LogDevObjectVersion:   Dev-Framework (CFFC743F-43B0-4480-9391-14DF171D2073): 23
LogDevObjectVersion:   Dev-Mobile (B02B49B5-BB20-44E9-A304-32B752E40360): 0
LogDevObjectVersion:   Dev-Networking (A4E4105C-59A1-49B5-A7C5-40C4547EDFEE): 0
LogDevObjectVersion:   Dev-Online (39C831C9-5AE6-47DC-9A44-9C173E1C8E7C): 0
LogDevObjectVersion:   Dev-Physics (78F01B33-EBEA-4F98-B9B4-84EACCB95AA2): 0
LogDevObjectVersion:   Dev-Platform (6631380F-2D4D-43E0-8009-CF276956A95A): 0
LogDevObjectVersion:   Dev-Rendering (12F88B9F-8875-4AFC-A67C-D90C383ABD29): 15
LogDevObjectVersion:   Dev-Sequencer (7B5AE74C-D270-4C10-A958-57980B212A5A): 4
LogDevObjectVersion:   Dev-VR (D7296918-1DD6-4BDD-9DE2-64A83CC13884): 0
LogDevObjectVersion:   Dev-LoadTimes (C2A15278-BFE7-4AFE-6C17-90FF531DF755): 1
LogDevObjectVersion:   Private-Geometry (6EACA3D4-40EC-4CC1-B786-8BED09428FC5): 1
LogDevObjectVersion:   Dev-AnimPhys (29E575DD-E0A3-4627-9D10-D276232CDCEA): 3
LogInit: Compiled (64-bit): Jul 28 2017 11:49:47
LogInit: Compiled with Visual C++: 19.00.24215.01
LogInit: Build Configuration: Development
LogInit: Branch Name: ++UE4+Release-4.16
LogInit: Command line:  
LogInit: Base directory: E:/Unreal/UE_4.16/Engine/Binaries/Win64/
LogInit: Installed Engine Build: 1
LogInit: Presizing for max 8388607 objects, including 0 objects not considered by GC, pre-allocating 0 bytes for permanent pool.
LogInit: Object subsystem initialized
[2017.12.12-18.26.19:101][  0]LogInit: Selected Device Profile: [Windows]
[2017.12.12-18.26.19:101][  0]LogInit: Applying CVar settings loaded from the selected device profile: [Windows]
[2017.12.12-18.26.19:108][  0]LogInit: Computer: DESKTOP-GERARD
[2017.12.12-18.26.19:108][  0]LogInit: User: gerar
[2017.12.12-18.26.19:108][  0]LogInit: CPU Page size=4096, Cores=4
[2017.12.12-18.26.19:108][  0]LogInit: High frequency timer resolution =3.234380 MHz
[2017.12.12-18.26.19:108][  0]LogMemory: Memory total: Physical=7.9GB (8GB approx)
[2017.12.12-18.26.19:108][  0]LogMemory: Platform Memory Stats for Windows
[2017.12.12-18.26.19:108][  0]LogMemory: Process Physical Memory: 273.05 MB used, 273.05 MB peak
[2017.12.12-18.26.19:108][  0]LogMemory: Process Virtual Memory: 266.70 MB used, 266.70 MB peak
[2017.12.12-18.26.19:108][  0]LogMemory: Physical Memory: 5216.87 MB used,  2887.18 MB free, 8104.04 MB total
[2017.12.12-18.26.19:108][  0]LogMemory: Virtual Memory: 643.66 MB used,  2887.18 MB free, 134217728.00 MB total
[2017.12.12-18.26.19:155][  0]LogInit: Overriding language with editor language configuration option (en).
[2017.12.12-18.26.19:155][  0]LogInit: Overriding locale with editor locale configuration option (en).
[2017.12.12-18.26.20:042][  0]LogD3D11RHI: D3D11 adapters:
[2017.12.12-18.26.20:092][  0]LogD3D11RHI:    0. 'NVIDIA GeForce GTX 750' (Feature Level 11_0)
[2017.12.12-18.26.20:092][  0]LogD3D11RHI:       2017/0/4052 MB DedicatedVideo/DedicatedSystem/SharedSystem, Outputs:2, VendorId:0x10de
[2017.12.12-18.26.20:093][  0]LogD3D11RHI:    1. 'Microsoft Basic Render Driver' (Feature Level 11_0)
[2017.12.12-18.26.20:093][  0]LogD3D11RHI:       0/0/4052 MB DedicatedVideo/DedicatedSystem/SharedSystem, Outputs:0, VendorId:0x1414
[2017.12.12-18.26.20:093][  0]LogD3D11RHI: Chosen D3D11 Adapter: 0
[2017.12.12-18.26.20:101][  0]LogD3D11RHI: Creating new Direct3DDevice
[2017.12.12-18.26.20:101][  0]LogD3D11RHI:     GPU DeviceId: 0x1381 (for the marketing name, search the web for "GPU Device Id")
[2017.12.12-18.26.20:101][  0]LogWindows: EnumDisplayDevices:
[2017.12.12-18.26.20:101][  0]LogWindows:    0. 'NVIDIA GeForce GTX 750' (P:1 D:1)
[2017.12.12-18.26.20:101][  0]LogWindows:    1. 'NVIDIA GeForce GTX 750' (P:0 D:1)
[2017.12.12-18.26.20:102][  0]LogWindows:    2. 'NVIDIA GeForce GTX 750' (P:0 D:0)
[2017.12.12-18.26.20:102][  0]LogWindows:    3. 'NVIDIA GeForce GTX 750' (P:0 D:0)
[2017.12.12-18.26.20:102][  0]LogWindows: DebugString: FoundDriverCount:4 
[2017.12.12-18.26.20:102][  0]LogD3D11RHI:     Adapter Name: NVIDIA GeForce GTX 750
[2017.12.12-18.26.20:102][  0]LogD3D11RHI:   Driver Version: 388.13 (internal:23.21.13.8813, unified:388.13)
[2017.12.12-18.26.20:102][  0]LogD3D11RHI:      Driver Date: 10-27-2017
[2017.12.12-18.26.20:102][  0]LogRHI: Texture pool is 1361 MB (70% of 1945 MB)
[2017.12.12-18.26.20:131][  0]LogD3D11RHI: Async texture creation enabled
[2017.12.12-18.26.20:159][  0]LogD3D11RHI: GPU Timing Frequency: 1000.000000 (Debug: 2 1)
[2017.12.12-18.26.20:162][  0]LogShaderCompilers: Guid format shader working directory is 10 characters bigger than the processId version (../../../../../Featherless/unwinged/Intermediate/Shaders/WorkingDirectory/10824/).
[2017.12.12-18.26.20:162][  0]LogShaderCompilers: Cleaned the shader compiler working directory 'C:/Users/gerar/AppData/Local/Temp/UnrealShaderWorkingDir/003AB46F4129A8C513A9C1BA89666625/'.
[2017.12.12-18.26.20:162][  0]LogShaderCompilers:Display: Using Local Shader Compiler.
[2017.12.12-18.26.21:069][  0]LogTemp:Display: Loaded TP AllDesktopTargetPlatform
[2017.12.12-18.26.21:104][  0]LogTemp:Display: Loaded TP MacClientTargetPlatform
[2017.12.12-18.26.21:140][  0]LogTemp:Display: Loaded TP MacNoEditorTargetPlatform
[2017.12.12-18.26.21:175][  0]LogTemp:Display: Loaded TP MacServerTargetPlatform
[2017.12.12-18.26.21:211][  0]LogTemp:Display: Loaded TP MacTargetPlatform
[2017.12.12-18.26.21:245][  0]LogTemp:Display: Loaded TP WindowsClientTargetPlatform
[2017.12.12-18.26.21:286][  0]LogTemp:Display: Loaded TP WindowsNoEditorTargetPlatform
[2017.12.12-18.26.21:321][  0]LogTemp:Display: Loaded TP WindowsServerTargetPlatform
[2017.12.12-18.26.21:349][  0]LogTemp:Display: Loaded TP WindowsTargetPlatform
[2017.12.12-18.26.21:385][  0]LogTemp:Display: Loaded TP AndroidTargetPlatform
[2017.12.12-18.26.21:418][  0]LogTemp:Display: Loaded TP Android_ASTCTargetPlatform
[2017.12.12-18.26.21:452][  0]LogTemp:Display: Loaded TP Android_ATCTargetPlatform
[2017.12.12-18.26.21:487][  0]LogTemp:Display: Loaded TP Android_DXTTargetPlatform
[2017.12.12-18.26.21:520][  0]LogTemp:Display: Loaded TP Android_ETC1TargetPlatform
[2017.12.12-18.26.21:553][  0]LogTemp:Display: Loaded TP Android_ETC2TargetPlatform
[2017.12.12-18.26.21:620][  0]LogTemp:Display: Loaded TP Android_MultiTargetPlatform
[2017.12.12-18.26.21:620][  0]LogTemp:Display: Loaded TP Android_PVRTCTargetPlatform
[2017.12.12-18.26.21:644][  0]LogTemp:Display: Loaded TP HTML5TargetPlatform
[2017.12.12-18.26.21:717][  0]LogTemp:Display: Loaded TP IOSTargetPlatform
[2017.12.12-18.26.21:739][  0]LogTemp:Display: Loaded TP TVOSTargetPlatform
[2017.12.12-18.26.21:773][  0]LogTemp:Display: Loaded TP LinuxClientTargetPlatform
[2017.12.12-18.26.21:805][  0]LogTemp:Display: Loaded TP LinuxNoEditorTargetPlatform
[2017.12.12-18.26.21:838][  0]LogTemp:Display: Loaded TP LinuxServerTargetPlatform
[2017.12.12-18.26.21:873][  0]LogTemp:Display: Loaded TP LinuxTargetPlatform
[2017.12.12-18.26.21:873][  0]LogTargetPlatformManager:Display: Building Assets For Windows
[2017.12.12-18.26.22:188][  0]LogDerivedDataCache:Display: Max Cache Size: 512 MB
[2017.12.12-18.26.22:310][  0]LogDerivedDataCache: Loaded boot cache 0.12s 91MB C:/Users/gerar/AppData/Local/UnrealEngine/4.16/DerivedDataCache/Boot.ddc.
[2017.12.12-18.26.22:310][  0]LogDerivedDataCache:Display: Loaded Boot cache: C:/Users/gerar/AppData/Local/UnrealEngine/4.16/DerivedDataCache/Boot.ddc
[2017.12.12-18.26.22:310][  0]LogDerivedDataCache: FDerivedDataBackendGraph:  Pak pak cache file ../../../../../Featherless/unwinged/DerivedDataCache/DDC.ddp not found, will not use a pak cache.
[2017.12.12-18.26.22:310][  0]LogDerivedDataCache: Unable to find inner node Pak for hierarchical cache Hierarchy.
[2017.12.12-18.26.22:310][  0]LogDerivedDataCache: FDerivedDataBackendGraph:  CompressedPak pak cache file ../../../../../Featherless/unwinged/DerivedDataCache/Compressed.ddp not found, will not use a pak cache.
[2017.12.12-18.26.22:310][  0]LogDerivedDataCache: Unable to find inner node CompressedPak for hierarchical cache Hierarchy.
[2017.12.12-18.26.22:325][  0]LogDerivedDataCache:Display: Pak cache opened for reading ../../../Engine/DerivedDataCache/Compressed.ddp.
[2017.12.12-18.26.22:337][  0]LogDerivedDataCache: Using Local data cache path C:/Users/gerar/AppData/Local/UnrealEngine/Common/DerivedDataCache: Writable
[2017.12.12-18.26.22:346][  0]LogMaterial: Verifying Global Shaders for PCD3D_SM5
[2017.12.12-18.26.22:347][  0]LogSlate: Using Freetype 2.6.0
[2017.12.12-18.26.22:347][  0]LogSlate: SlateFontCache - WITH_FREETYPE: 1, WITH_HARFBUZZ: 1
[2017.12.12-18.26.22:348][  0]LogSlate: SlateFontCache - WITH_FREETYPE: 1, WITH_HARFBUZZ: 1
[2017.12.12-18.26.22:636][  0]LogInit: Selected Device Profile: [Windows]
[2017.12.12-18.26.22:724][  0]LogContentStreaming: Texture pool size is 0.00 MB
[2017.12.12-18.26.22:850][  0]LogMeshUtilities: Using QuadricMeshReduction for automatic static mesh reduction
[2017.12.12-18.26.22:878][  0]LogSimplygon: Simplygon DLL not present - disabling.
[2017.12.12-18.26.22:908][  0]LogMeshUtilities: Using SimplygonSwarm for distributed automatic mesh merging
[2017.12.12-18.26.22:908][  0]LogMeshUtilities: No automatic skeletal mesh reduction module available
[2017.12.12-18.26.22:908][  0]LogMeshUtilities: No automatic mesh merging module available
[2017.12.12-18.26.23:379][  0]LogNetVersion: unwinged , NetCL: 3452394, EngineNetVer: 2, GameNetVer: 0 (Checksum: 335359498)
[2017.12.12-18.26.23:433][  0]LogAssetRegistry: FAssetRegistry took 0.0243 seconds to start up
[2017.12.12-18.26.23:478][  0]LogPackageLocalizationCache: Processed 4 localized package path(s) for 1 prioritized culture(s) in 0.031933 seconds
[2017.12.12-18.26.23:485][  0]LogUObjectArray: 34194 objects as part of root set at end of initial load.
[2017.12.12-18.26.23:485][  0]LogUObjectAllocator: 7260424 out of 0 bytes used by permanent object pool.
[2017.12.12-18.26.23:485][  0]LogUObjectArray: CloseDisregardForGC: 0/0 objects in disregard for GC pool
[2017.12.12-18.26.23:524][  0]LogInit: WinSock: version 1.1 (2.2), MaxSocks=32767, MaxUdp=65467
[2017.12.12-18.26.33:497][  0]LogTcpMessaging: Initializing TcpMessaging bridge
[2017.12.12-18.26.33:639][  0]LogUdpMessaging: Initializing bridge on interface 0.0.0.0:0 to multicast group 230.0.0.1:6666.
[2017.12.12-18.26.35:957][  0]LogMaterial: Uniform references updated for custom material expression Custom.
[2017.12.12-18.26.36:697][  0]SourceControl: Info Source control is disabled
[2017.12.12-18.26.36:773][  0]SourceControl: Info Source control is disabled
[2017.12.12-18.26.36:893][  0]SourceControl: Info Source control is disabled
[2017.12.12-18.26.36:973][  0]SourceControl: Info Source control is disabled
[2017.12.12-18.26.38:016][  0]LogAndroidPermission: UAndroidPermissionCallbackProxy::GetInstance
[2017.12.12-18.26.38:881][  0]LogEngine: Initializing Engine...
[2017.12.12-18.26.38:929][  0]LogHMD: Failed to initialize OpenVR with code 110
[2017.12.12-18.26.39:334][  0]LogStats: UGameplayTagsManager::ConstructGameplayTagTree: Construct from data asset -  0.000 s
[2017.12.12-18.26.39:334][  0]LogStats: UGameplayTagsManager::ConstructGameplayTagTree: GameplayTagTreeChangedEvent.Broadcast -  0.000 s
[2017.12.12-18.26.39:967][  0]LogAIModule: Creating AISystem for world Untitled
[2017.12.12-18.26.40:285][  0]LogInit: XAudio2 using 'Altavoces (Logitech G35 Gaming Headset)' : 6 channels at 44.1 kHz using 16 bits per sample (channel mask 0x3f)
[2017.12.12-18.26.40:309][  0]LogInit: FAudioDevice initialized.
[2017.12.12-18.26.40:386][  0]LogDerivedDataCache: Saved boot cache 0.06s 91MB C:/Users/gerar/AppData/Local/UnrealEngine/4.16/DerivedDataCache/Boot.ddc.
[2017.12.12-18.26.40:408][  0]LogInit: Texture streaming: Enabled
[2017.12.12-18.26.40:620][  0]LogEngineSessionManager: EngineSessionManager initialized
[2017.12.12-18.26.41:183][  0]LogWindowsTextInputMethodSystem:Display: IME system now deactivated.
[2017.12.12-18.26.41:702][  0]LogInit: Transaction tracking system initialized
[2017.12.12-18.26.42:850][  0]BlueprintLog: New page: Editor Load
[2017.12.12-18.26.47:765][  0]LogConfig:Warning: Failed to saved backup for config[LocalizationServiceSettings]
[2017.12.12-18.26.47:765][  0]LocalizationService: Info Localization service is disabled
[2017.12.12-18.26.50:118][  0]LogConsoleResponse:Display: 
[2017.12.12-18.26.53:063][  0]LogFileCache: Scanning file cache for directory 'E:/Featherless/unwinged/Content/' took 0.02s
[2017.12.12-18.26.53:063][  0]LogCook:Display: Max memory allowance for cook 16384mb min free memory 0mb
[2017.12.12-18.26.53:088][  0]LogCook:Display: Mobile HDR setting 1
[2017.12.12-18.27.00:409][  0]SourceControl: Info Source control is disabled
[2017.12.12-18.27.00:532][  0]Cmd: MAP LOAD FILE="../../../../../Featherless/unwinged/Content/ThirdPersonBP/Maps/ThirdPersonExampleMap.umap" TEMPLATE=0 SHOWPROGRESS=1 FEATURELEVEL=3
[2017.12.12-18.27.00:590][  0]LightingResults: New page: Lighting Build
[2017.12.12-18.27.01:528][  0]MapCheck: New page: Map Check
[2017.12.12-18.27.01:528][  0]LightingResults: New page: Lighting Build
[2017.12.12-18.27.11:122][  0]LogStaticMesh: Building static mesh SM_Rock...
[2017.12.12-18.27.11:306][  0]LogStaticMesh: Built static mesh [0.18s] /Game/StarterContent/Props/SM_Rock.SM_Rock
[2017.12.12-18.27.12:504][  0]LogTexture:Display: Building textures: Texture2D_21 (BGRA8, 128X128)
[2017.12.12-18.27.12:544][  0]LogTexture:Display: Building textures: Texture2D_2 (BGRA8, 128X128)
[2017.12.12-18.27.12:546][  0]LogTexture:Display: Building textures: Texture2D_22 (BGRA8, 128X128)
[2017.12.12-18.27.12:547][  0]LogTexture:Display: Building textures: Texture2D_38 (BGRA8, 128X128)
[2017.12.12-18.27.12:548][  0]LogTexture:Display: Building textures: Texture2D_3 (BGRA8, 128X128)
[2017.12.12-18.27.12:548][  0]LogTexture:Display: Building textures: Texture2D_41 (BGRA8, 128X128)
[2017.12.12-18.27.12:549][  0]LogTexture:Display: Building textures: Texture2D_40 (BGRA8, 128X128)
[2017.12.12-18.27.12:551][  0]LogTexture:Display: Building textures: Texture2D_4 (BGRA8, 128X128)
[2017.12.12-18.27.12:587][  0]LogDerivedDataCache: FFileSystemDerivedDataBackend: Move collision, attempt at redundant update, OK C:/Users/gerar/AppData/Local/UnrealEngine/Common/DerivedDataCache/1/1/4/TEXTURE_814DCC3DC72143F49509781513CB9855_BGRA8_959BD330423D2992829358B1871B1AB__532733872D604ABE88AD8C46B7BF8EB7A98D345F.udd.
[2017.12.12-18.27.12:587][  0]LogTexture:Display: Building textures: Texture2D_57 (BGRA8, 128X128)
[2017.12.12-18.27.12:593][  0]LogTexture:Display: Building textures: Texture2D_19 (BGRA8, 128X128)
[2017.12.12-18.27.12:594][  0]LogTexture:Display: Building textures: Texture2D_36 (BGRA8, 128X128)
[2017.12.12-18.27.12:642][  0]LogDerivedDataCache: FFileSystemDerivedDataBackend: Move collision, attempt at redundant update, OK C:/Users/gerar/AppData/Local/UnrealEngine/Common/DerivedDataCache/9/8/5/TEXTURE_814DCC3DC72143F49509781513CB9855_BGRA8_35AD481D4C810B932ACE93B1DED69B8__BC79BA6DF41031783D6354CD3A158EF5AFD89C4B.udd.
[2017.12.12-18.27.12:642][  0]LogTexture:Display: Building textures: Texture2D_19_BaseColor (DXT1, 16X16)
[2017.12.12-18.27.12:662][  0]LogTexture:Display: Building textures: Texture2D_33_BaseColor (DXT1, 16X16)
[2017.12.12-18.27.12:663][  0]LogDerivedDataCache: FFileSystemDerivedDataBackend: Move collision, attempt at redundant update, OK C:/Users/gerar/AppData/Local/UnrealEngine/Common/DerivedDataCache/3/0/4/TEXTURE_814DCC3DC72143F49509781513CB9855_DXT1_20EEDBC78B84A0714D5EF5E662630207__2D75174288E7BC4C87A86347D878C04077B7ECB7.udd.
[2017.12.12-18.27.12:663][  0]LogTexture:Display: Building textures: Texture2D_34_BaseColor (DXT1, 16X16)
[2017.12.12-18.27.12:663][  0]LogTexture:Display: Building textures: Texture2D_35_BaseColor (DXT1, 16X16)
[2017.12.12-18.27.12:664][  0]LogTexture:Display: Building textures: Texture2D_36_BaseColor (DXT1, 16X16)
[2017.12.12-18.27.12:673][  0]LogTexture:Display: Building textures: Texture2D_57_BaseColor (DXT1, 16X16)
[2017.12.12-18.27.12:674][  0]LogTexture:Display: Building textures: Texture2D_69_BaseColor (DXT1, 16X16)
[2017.12.12-18.27.12:674][  0]LogTexture:Display: Building textures: Texture2D_71_BaseColor (DXT1, 16X16)
[2017.12.12-18.27.12:674][  0]LogTexture:Display: Building textures: Texture2D_72_BaseColor (DXT1, 16X16)
[2017.12.12-18.27.12:675][  0]LogTexture:Display: Building textures: Texture2D_73_BaseColor (DXT1, 16X16)
[2017.12.12-18.27.12:675][  0]LogTexture:Display: Building textures: Texture2D_74_BaseColor (DXT1, 16X16)
[2017.12.12-18.27.12:676][  0]LogTexture:Display: Building textures: Texture2D_75_BaseColor (DXT1, 16X16)
[2017.12.12-18.27.12:676][  0]LogTexture:Display: Building textures: Texture2D_76_BaseColor (DXT1, 16X16)
[2017.12.12-18.27.12:950][  0]LogAIModule: Creating AISystem for world ThirdPersonExampleMap
[2017.12.12-18.27.15:113][  0]LogDerivedDataCache: FFileSystemDerivedDataBackend: Move collision, attempt at redundant update, OK C:/Users/gerar/AppData/Local/UnrealEngine/Common/DerivedDataCache/0/2/2/PHYSXPC_FULL_84A5A09B87CA4ED3B9B301DECE89D011_D89ADC8DEB43066B04BE2C20883A132A.udd.
[2017.12.12-18.27.15:113][  0]LogDerivedDataCache: FFileSystemDerivedDataBackend: Move collision, attempt at redundant update, OK C:/Users/gerar/AppData/Local/UnrealEngine/Common/DerivedDataCache/7/0/0/PHYSXPC_VIS_84A5A09B87CA4ED3B9B301DECE89D011_E49643BD450A391388C3E39C1D9D16F9.udd.
[2017.12.12-18.27.15:113][  0]LogDerivedDataCache: FFileSystemDerivedDataBackend: Move collision, attempt at redundant update, OK C:/Users/gerar/AppData/Local/UnrealEngine/Common/DerivedDataCache/0/8/8/PHYSXPC_VIS_84A5A09B87CA4ED3B9B301DECE89D011_D192BF974705C0638EC6FFBA28AE4B3E.udd.
[2017.12.12-18.27.15:113][  0]LogDerivedDataCache: FFileSystemDerivedDataBackend: Move collision, attempt at redundant update, OK C:/Users/gerar/AppData/Local/UnrealEngine/Common/DerivedDataCache/7/0/3/PHYSXPC_FULL_84A5A09B87CA4ED3B9B301DECE89D011_78A05E3586135701910A49578469A904.udd.
[2017.12.12-18.27.15:113][  0]LogDerivedDataCache: FFileSystemDerivedDataBackend: Move collision, attempt at redundant update, OK C:/Users/gerar/AppData/Local/UnrealEngine/Common/DerivedDataCache/7/0/9/PHYSXPC_VIS_84A5A09B87CA4ED3B9B301DECE89D011_4598124F4AFAC7FBFD8B9187CB540C8E.udd.
[2017.12.12-18.27.15:306][  0]LogEditorServer: Finished looking for orphan Actors (0.000 secs)
[2017.12.12-18.27.15:723][  0]LogMeshUtilities: Finished distance field build in 4.0s - 27x35x43 distance field, 1228 triangles, Range [-0.3, 1.0], SM_Rock
[2017.12.12-18.27.16:134][  0]Cmd: MAP CHECKDEP NOCLEARLOG
[2017.12.12-18.27.16:264][  0]MapCheck: Info Map check complete: 0 Error(s), 0 Warning(s), took 99.102ms to complete.
[2017.12.12-18.27.16:265][  0]LogFileHelpers: Loading map 'ThirdPersonExampleMap' took 15.789
[2017.12.12-18.27.23:447][  0]LogCollectionManager: Loaded 0 collections in 0.000873 seconds
[2017.12.12-18.27.24:155][  0]LogFileCache: Scanning file cache for directory 'E:/Featherless/unwinged/Saved/Collections/' took 0.01s
[2017.12.12-18.27.24:155][  0]LogFileCache: Scanning file cache for directory 'E:/Featherless/unwinged/Content/Developers/gerar/Collections/' took 0.01s
[2017.12.12-18.27.24:155][  0]LogFileCache: Scanning file cache for directory 'E:/Featherless/unwinged/Content/Collections/' took 0.01s
[2017.12.12-18.27.24:155][  0]LogCollectionManager: Rebuilt the GUID cache for 0 collections in 0.000002 seconds
[2017.12.12-18.27.24:291][  0]LogContentBrowser: Native class hierarchy populated in 0.0367 seconds. Added 2329 classes and 491 folders.
[2017.12.12-18.27.25:112][  0]LogContentBrowser: Native class hierarchy updated for 'WidgetCarousel' in 0.0006 seconds. Added 0 classes and 0 folders.
[2017.12.12-18.27.30:201][  0]LogContentBrowser: Native class hierarchy updated for 'AddContentDialog' in 0.0005 seconds. Added 0 classes and 0 folders.
[2017.12.12-18.27.32:289][  0]LogContentBrowser: Native class hierarchy updated for 'SceneOutliner' in 0.0007 seconds. Added 1 classes and 2 folders.
[2017.12.12-18.27.34:260][  0]LogCrashTracker: Crashtracker disabled due to settings.
[2017.12.12-18.27.34:809][  0]LogSlate: Took 0.049896 seconds to synchronously load lazily loaded font '../../../Engine/Content/Slate/Fonts/Roboto-Regular.ttf' (155K)
[2017.12.12-18.27.34:980][  0]LogSlate: Took 0.020758 seconds to synchronously load lazily loaded font '../../../Engine/Content/Slate/Fonts/Roboto-Bold.ttf' (160K)
[2017.12.12-18.27.35:018][  0]LogSlate: Took 0.017464 seconds to synchronously load lazily loaded font '../../../Engine/Content/Editor/Slate/Fonts/FontAwesome.ttf' (139K)
[2017.12.12-18.27.35:568][  0]LogRenderer: Reallocating scene render targets to support 256x256 NumSamples 1 (Frame:1).
[2017.12.12-18.27.35:802][  0]LogStaticMesh: Allocated 398x64x64 distance field atlas = 3.1Mb, with 50 objects containing 2.1Mb backing data
[2017.12.12-18.27.35:973][  0]LogRenderer: Reallocating scene render targets to support 1528x672 NumSamples 1 (Frame:1).
[2017.12.12-18.27.36:768][  0]LogUObjectGlobals:Warning: Failed to find object 'Class None.'
[2017.12.12-18.27.36:893][  0]LogContentBrowser: Native class hierarchy updated for 'HierarchicalLODOutliner' in 0.0005 seconds. Added 1 classes and 2 folders.
[2017.12.12-18.27.36:894][  0]LogLoad: (Engine Initialization) Total time: 78.91 seconds
[2017.12.12-18.27.36:894][  0]LogLoad: (Engine Initialization) Total Blueprint compile time: 1.79 seconds
[2017.12.12-18.27.36:894][  0]LogExternalProfiler: Found external profiler: VSPerf
[2017.12.12-18.27.36:894][  0]LogExternalProfiler: Using external profiler: VSPerf
[2017.12.12-18.27.36:957][  0]LogOcInput: OculusInput pre-init called
[2017.12.12-18.27.36:966][  0]LogHMD: Starting GearVRController plugin
[2017.12.12-18.27.37:448][  0]LogContentStreaming: Texture pool size now 1000 MB
[2017.12.12-18.27.39:383][  1]LogSlate: Took 0.012456 seconds to synchronously load lazily loaded font '../../../Engine/Content/Slate/Fonts/Roboto-Light.ttf' (159K)
[2017.12.12-18.27.39:778][  3]LogAssetRegistry: Asset discovery search completed in 76.3657 seconds
[2017.12.12-18.27.39:806][  3]LogCollectionManager: Rebuilt the object cache for 0 collections in 0.000002 seconds (found 0 objects)
[2017.12.12-18.27.39:806][  3]LogCollectionManager: Fixed up redirectors for 0 collections in 0.013206 seconds (updated 0 objects)
[2017.12.12-18.27.43:355][178]LogFileCache: Retrieving MD5 hashes for directory 'E:/Featherless/unwinged/Content/' took 6.16s
[2017.12.12-18.27.43:746][199]LogTemp: Repeting last play command: Selected Viewport
[2017.12.12-18.27.43:901][199]LogBlueprintUserMessages: Early PlayInEditor Detection: Level '/Game/ThirdPersonBP/Maps/ThirdPersonExampleMap.ThirdPersonExampleMap:PersistentLevel' has LevelScriptBlueprint '/Game/ThirdPersonBP/Maps/ThirdPersonExampleMap.ThirdPersonExampleMap:PersistentLevel.ThirdPersonExampleMap' with GeneratedClass '/Game/ThirdPersonBP/Maps/ThirdPersonExampleMap.ThirdPersonExampleMap_C' with ClassGeneratedBy '/Game/ThirdPersonBP/Maps/ThirdPersonExampleMap.ThirdPersonExampleMap:PersistentLevel.ThirdPersonExampleMap'
[2017.12.12-18.27.43:914][199]LogPlayLevel: PlayLevel: No blueprints needed recompiling
[2017.12.12-18.27.43:997][199]PIE: New page: PIE session: ThirdPersonExampleMap (Dec 12, 2017, 8:27:43 PM)
[2017.12.12-18.27.44:012][199]LogPlayLevel: Creating play world package: /Game/ThirdPersonBP/Maps/UEDPIE_0_ThirdPersonExampleMap
[2017.12.12-18.27.44:215][199]LogPlayLevel: PIE: StaticDuplicateObject took: (0.202871s)
[2017.12.12-18.27.44:215][199]LogAIModule: Creating AISystem for world ThirdPersonExampleMap
[2017.12.12-18.27.44:227][199]LogPlayLevel: PIE: World Init took: (0.012032s)
[2017.12.12-18.27.44:241][199]LogPlayLevel: PIE: Created PIE world by copying editor world from /Game/ThirdPersonBP/Maps/ThirdPersonExampleMap.ThirdPersonExampleMap to /Game/ThirdPersonBP/Maps/UEDPIE_0_ThirdPersonExampleMap.ThirdPersonExampleMap (0.229617s)
[2017.12.12-18.27.44:280][199]LogInit: XAudio2 using 'Altavoces (Logitech G35 Gaming Headset)' : 6 channels at 44.1 kHz using 16 bits per sample (channel mask 0x3f)
[2017.12.12-18.27.44:295][199]LogInit: FAudioDevice initialized.
[2017.12.12-18.27.44:425][199]LogLoad: Game class is 'ThirdPersonGameMode_C'
[2017.12.12-18.27.44:547][199]LogWorld: Bringing World /Game/ThirdPersonBP/Maps/UEDPIE_0_ThirdPersonExampleMap.ThirdPersonExampleMap up for play (max tick rate 0) at 2017.12.12-19.27.44
[2017.12.12-18.27.44:715][199]LogWorld: Bringing up level for play took: 0.193628
[2017.12.12-18.27.44:818][199]LogContentBrowser: Native class hierarchy updated for 'MovieSceneCapture' in 0.0006 seconds. Added 11 classes and 0 folders.
[2017.12.12-18.27.44:957][199]PIE: Info Play in editor start time for /Game/ThirdPersonBP/Maps/UEDPIE_0_ThirdPersonExampleMap 1.06
[2017.12.12-18.27.44:958][199]LogBlueprintUserMessages: Late PlayInEditor Detection: Level '/Game/ThirdPersonBP/Maps/ThirdPersonExampleMap.ThirdPersonExampleMap:PersistentLevel' has LevelScriptBlueprint '/Game/ThirdPersonBP/Maps/ThirdPersonExampleMap.ThirdPersonExampleMap:PersistentLevel.ThirdPersonExampleMap' with GeneratedClass '/Game/ThirdPersonBP/Maps/ThirdPersonExampleMap.ThirdPersonExampleMap_C' with ClassGeneratedBy '/Game/ThirdPersonBP/Maps/ThirdPersonExampleMap.ThirdPersonExampleMap:PersistentLevel.ThirdPersonExampleMap'
[2017.12.12-18.28.07:932][533]LogBlueprintUserMessages: [ThirdPersonCharacter_167] 50
[2017.12.12-18.28.08:176][548]LogBlueprintUserMessages: [ThirdPersonCharacter_167] 0
[2017.12.12-18.28.20:434][202]LogCharacterMovement: Enemigo6 is stuck and failed to move! Velocity: X=7.69 Y=39.99 Z=0.00 Location: X=-5649.43 Y=1593.10 Z=215.07 Normal: X=-0.90 Y=0.45 Z=-0.00 PenetrationDepth:8.027 Actor:Enemigo7 Component:Weapon BoneName:None (0 other events since notify)
[2017.12.12-18.28.23:462][346]LogCharacterMovement: Enemigo4 is stuck and failed to move! Velocity: X=-46.64 Y=-88.46 Z=0.00 Location: X=-5607.79 Y=1670.07 Z=214.56 Normal: X=-0.52 Y=0.86 Z=-0.00 PenetrationDepth:3.612 Actor:Enemigo7 Component:Weapon BoneName:None (0 other events since notify)
[2017.12.12-18.28.27:079][508]LogBlueprintUserMessages: [ThirdPersonCharacter_167] 50
[2017.12.12-18.28.27:145][511]LogCharacterMovement: Enemigo3_1508 is stuck and failed to move! Velocity: X=130.91 Y=186.47 Z=0.00 Location: X=-5239.79 Y=2272.01 Z=209.17 Normal: X=0.25 Y=0.97 Z=-0.00 PenetrationDepth:8.847 Actor:Enemigo4 Component:Weapon BoneName:None (0 other events since notify)
[2017.12.12-18.28.27:238][515]LogBlueprintUserMessages: [ThirdPersonCharacter_167] 0
[2017.12.12-18.28.27:304][518]LogBlueprintUserMessages: [ThirdPersonCharacter_167] 50
[2017.12.12-18.28.27:304][518]LogBlueprintUserMessages: [ThirdPersonCharacter_167] 50
[2017.12.12-18.28.27:326][519]LogBlueprintUserMessages: [ThirdPersonCharacter_167] 0
[2017.12.12-18.28.27:645][534]LogBlueprintUserMessages: [ThirdPersonCharacter_167] 0
[2017.12.12-18.28.27:645][534]LogBlueprintUserMessages: [ThirdPersonCharacter_167] -50
[2017.12.12-18.28.27:666][535]LogBlueprintUserMessages: [ThirdPersonCharacter_167] 50
[2017.12.12-18.28.27:710][537]LogBlueprintUserMessages: [ThirdPersonCharacter_167] 0
[2017.12.12-18.28.29:604][630]LogBlueprintUserMessages: [ThirdPersonCharacter_167] 50
[2017.12.12-18.28.29:702][635]LogBlueprintUserMessages: [ThirdPersonCharacter_167] 50
[2017.12.12-18.28.29:702][635]LogBlueprintUserMessages: [ThirdPersonCharacter_167] 0
[2017.12.12-18.28.29:722][636]LogBlueprintUserMessages: [ThirdPersonCharacter_167] -50
[2017.12.12-18.28.29:761][638]LogBlueprintUserMessages: [ThirdPersonCharacter_167] 0
[2017.12.12-18.28.34:892][907]LogBlueprintUserMessages: Early EndPlayMap Detection: Level '/Game/ThirdPersonBP/Maps/ThirdPersonExampleMap.ThirdPersonExampleMap:PersistentLevel' has LevelScriptBlueprint '/Game/ThirdPersonBP/Maps/ThirdPersonExampleMap.ThirdPersonExampleMap:PersistentLevel.ThirdPersonExampleMap' with GeneratedClass '/Game/ThirdPersonBP/Maps/ThirdPersonExampleMap.ThirdPersonExampleMap_C' with ClassGeneratedBy '/Game/ThirdPersonBP/Maps/ThirdPersonExampleMap.ThirdPersonExampleMap:PersistentLevel.ThirdPersonExampleMap'
[2017.12.12-18.28.35:026][907]LogBlueprintUserMessages: Late EndPlayMap Detection: Level '/Game/ThirdPersonBP/Maps/ThirdPersonExampleMap.ThirdPersonExampleMap:PersistentLevel' has LevelScriptBlueprint '/Game/ThirdPersonBP/Maps/ThirdPersonExampleMap.ThirdPersonExampleMap:PersistentLevel.ThirdPersonExampleMap' with GeneratedClass '/Game/ThirdPersonBP/Maps/ThirdPersonExampleMap.ThirdPersonExampleMap_C' with ClassGeneratedBy '/Game/ThirdPersonBP/Maps/ThirdPersonExampleMap.ThirdPersonExampleMap:PersistentLevel.ThirdPersonExampleMap'
[2017.12.12-18.28.37:091][998]LogTemp: Repeting last play command: Selected Viewport
[2017.12.12-18.28.37:102][998]LogBlueprintUserMessages: Early PlayInEditor Detection: Level '/Game/ThirdPersonBP/Maps/ThirdPersonExampleMap.ThirdPersonExampleMap:PersistentLevel' has LevelScriptBlueprint '/Game/ThirdPersonBP/Maps/ThirdPersonExampleMap.ThirdPersonExampleMap:PersistentLevel.ThirdPersonExampleMap' with GeneratedClass '/Game/ThirdPersonBP/Maps/ThirdPersonExampleMap.ThirdPersonExampleMap_C' with ClassGeneratedBy '/Game/ThirdPersonBP/Maps/ThirdPersonExampleMap.ThirdPersonExampleMap:PersistentLevel.ThirdPersonExampleMap'
[2017.12.12-18.28.37:102][998]LogPlayLevel: PlayLevel: No blueprints needed recompiling
[2017.12.12-18.28.37:102][998]PIE: New page: PIE session: ThirdPersonExampleMap (Dec 12, 2017, 8:28:37 PM)
[2017.12.12-18.28.37:102][998]LogPlayLevel: Creating play world package: /Game/ThirdPersonBP/Maps/UEDPIE_0_ThirdPersonExampleMap
[2017.12.12-18.28.37:199][998]LogPlayLevel: PIE: StaticDuplicateObject took: (0.096188s)
[2017.12.12-18.28.37:200][998]LogAIModule: Creating AISystem for world ThirdPersonExampleMap
[2017.12.12-18.28.37:200][998]LogPlayLevel: PIE: World Init took: (0.001170s)
[2017.12.12-18.28.37:200][998]LogPlayLevel: PIE: Created PIE world by copying editor world from /Game/ThirdPersonBP/Maps/ThirdPersonExampleMap.ThirdPersonExampleMap to /Game/ThirdPersonBP/Maps/UEDPIE_0_ThirdPersonExampleMap.ThirdPersonExampleMap (0.097987s)
[2017.12.12-18.28.37:219][998]LogInit: XAudio2 using 'Altavoces (Logitech G35 Gaming Headset)' : 6 channels at 44.1 kHz using 16 bits per sample (channel mask 0x3f)
[2017.12.12-18.28.37:276][998]LogInit: FAudioDevice initialized.
[2017.12.12-18.28.37:333][998]LogLoad: Game class is 'ThirdPersonGameMode_C'
[2017.12.12-18.28.37:350][998]LogWorld: Bringing World /Game/ThirdPersonBP/Maps/UEDPIE_0_ThirdPersonExampleMap.ThirdPersonExampleMap up for play (max tick rate 0) at 2017.12.12-19.28.37
[2017.12.12-18.28.37:353][998]LogWorld: Bringing up level for play took: 0.019592
[2017.12.12-18.28.37:363][998]PIE: Info Play in editor start time for /Game/ThirdPersonBP/Maps/UEDPIE_0_ThirdPersonExampleMap -0.535
[2017.12.12-18.28.37:363][998]LogBlueprintUserMessages: Late PlayInEditor Detection: Level '/Game/ThirdPersonBP/Maps/ThirdPersonExampleMap.ThirdPersonExampleMap:PersistentLevel' has LevelScriptBlueprint '/Game/ThirdPersonBP/Maps/ThirdPersonExampleMap.ThirdPersonExampleMap:PersistentLevel.ThirdPersonExampleMap' with GeneratedClass '/Game/ThirdPersonBP/Maps/ThirdPersonExampleMap.ThirdPersonExampleMap_C' with ClassGeneratedBy '/Game/ThirdPersonBP/Maps/ThirdPersonExampleMap.ThirdPersonExampleMap:PersistentLevel.ThirdPersonExampleMap'
[2017.12.12-18.28.45:878][444]LogBlueprintUserMessages: [ThirdPersonCharacter_167] 50
[2017.12.12-18.28.46:055][454]LogBlueprintUserMessages: [ThirdPersonCharacter_167] 0
[2017.12.12-18.28.52:824][840]LogCharacterMovement: Enemigo2_5 is stuck and failed to move! Velocity: X=-56.12 Y=38.03 Z=0.00 Location: X=-5551.42 Y=1787.71 Z=213.29 Normal: X=0.07 Y=-1.00 Z=-0.00 PenetrationDepth:3.034 Actor:Enemigo3_1508 Component:Weapon BoneName:None (0 other events since notify)
[2017.12.12-18.28.52:914][845]LogCharacterMovement: Enemigo7 is stuck and failed to move! Velocity: X=-24.81 Y=96.87 Z=0.00 Location: X=-5573.35 Y=1700.24 Z=214.60 Normal: X=-0.28 Y=-0.96 Z=-0.00 PenetrationDepth:1.594 Actor:Enemigo2_5 Component:Weapon BoneName:None (0 other events since notify)
[2017.12.12-18.28.53:824][896]LogCharacterMovement: Enemigo2_5 is stuck and failed to move! Velocity: X=-77.30 Y=63.44 Z=0.00 Location: X=-5552.62 Y=1781.02 Z=215.24 Normal: X=0.78 Y=-0.62 Z=-0.00 PenetrationDepth:1.998 Actor:Enemigo3_1508 Component:Weapon BoneName:None (10 other events since notify)
[2017.12.12-18.28.54:125][913]LogCharacterMovement: Enemigo7 is stuck and failed to move! Velocity: X=-6.58 Y=34.92 Z=0.00 Location: X=-5582.08 Y=1702.33 Z=214.60 Normal: X=0.87 Y=-0.50 Z=-0.00 PenetrationDepth:2.734 Actor:Enemigo4 Component:Weapon BoneName:None (3 other events since notify)
[2017.12.12-18.28.54:142][914]LogCharacterMovement: Enemigo4 is stuck and failed to move! Velocity: X=3.68 Y=-34.42 Z=0.00 Location: X=-5664.75 Y=1721.73 Z=215.34 Normal: X=-0.86 Y=0.51 Z=-0.00 PenetrationDepth:2.393 Actor:Enemigo7 Component:Weapon BoneName:None (0 other events since notify)
[2017.12.12-18.28.55:138][971]LogCharacterMovement: Enemigo7 is stuck and failed to move! Velocity: X=-19.27 Y=98.13 Z=0.00 Location: X=-5582.87 Y=1711.31 Z=214.60 Normal: X=0.66 Y=-0.75 Z=-0.00 PenetrationDepth:2.973 Actor:Enemigo3_1508 Component:Weapon BoneName:None (26 other events since notify)
[2017.12.12-18.28.56:149][ 31]LogCharacterMovement: Enemigo7 is stuck and failed to move! Velocity: X=-9.46 Y=99.55 Z=0.00 Location: X=-5595.94 Y=1728.64 Z=214.60 Normal: X=-0.20 Y=-0.98 Z=-0.00 PenetrationDepth:4.685 Actor:Enemigo2_5 Component:Weapon BoneName:None (22 other events since notify)
[2017.12.12-18.28.59:756][248]LogCharacterMovement: Enemigo7 is stuck and failed to move! Velocity: X=0.42 Y=100.00 Z=0.00 Location: X=-5605.38 Y=1734.77 Z=214.85 Normal: X=0.98 Y=-0.20 Z=-0.00 PenetrationDepth:0.754 Actor:Enemigo3_1508 Component:Weapon BoneName:None (24 other events since notify)
[2017.12.12-18.29.00:840][311]LogCharacterMovement: Enemigo7 is stuck and failed to move! Velocity: X=-0.19 Y=34.77 Z=0.00 Location: X=-5604.50 Y=1733.04 Z=214.85 Normal: X=0.74 Y=-0.67 Z=-0.00 PenetrationDepth:5.570 Actor:Enemigo2_5 Component:Weapon BoneName:None (6 other events since notify)
[2017.12.12-18.29.01:509][350]LogCharacterMovement: Enemigo4 is stuck and failed to move! Velocity: X=16.75 Y=98.59 Z=0.00 Location: X=-5640.18 Y=1616.94 Z=215.08 Normal: X=-0.95 Y=-0.32 Z=-0.00 PenetrationDepth:0.474 Actor:Enemigo5 Component:Weapon BoneName:None (0 other events since notify)
[2017.12.12-18.29.01:645][358]LogCharacterMovement: Enemigo3_1508 is stuck and failed to move! Velocity: X=43.56 Y=-90.01 Z=0.00 Location: X=-5693.29 Y=1679.33 Z=215.34 Normal: X=-0.68 Y=0.74 Z=-0.00 PenetrationDepth:1.426 Actor:Enemigo4 Component:Weapon BoneName:None (0 other events since notify)
[2017.12.12-18.29.02:689][422]LogCharacterMovement: Enemigo4 is stuck and failed to move! Velocity: X=2.22 Y=21.01 Z=0.00 Location: X=-5628.34 Y=1601.91 Z=214.82 Normal: X=0.70 Y=-0.72 Z=0.00 PenetrationDepth:0.753 Actor:Enemigo3_1508 Component:Weapon BoneName:None (15 other events since notify)
[2017.12.12-18.29.03:672][484]LogCharacterMovement: Enemigo7 is stuck and failed to move! Velocity: X=-34.34 Y=-57.62 Z=0.00 Location: X=-5595.47 Y=1681.53 Z=214.60 Normal: X=-0.69 Y=0.73 Z=-0.00 PenetrationDepth:2.372 Actor:Enemigo5 Component:Weapon BoneName:None (28 other events since notify)
[2017.12.12-18.29.03:718][487]LogCharacterMovement: Enemigo4 is stuck and failed to move! Velocity: X=2.50 Y=31.77 Z=0.00 Location: X=-5622.05 Y=1593.61 Z=214.82 Normal: X=0.72 Y=-0.69 Z=-0.00 PenetrationDepth:4.660 Actor:Enemigo3_1508 Component:Weapon BoneName:None (12 other events since notify)
[2017.12.12-18.29.04:208][519]LogCharacterMovement: Enemigo3_1508 is stuck and failed to move! Velocity: X=49.76 Y=-70.23 Z=0.00 Location: X=-5681.54 Y=1634.29 Z=215.34 Normal: X=-0.84 Y=0.54 Z=-0.00 PenetrationDepth:0.392 Actor:Enemigo4 Component:Weapon BoneName:None (1 other events since notify)
[2017.12.12-18.29.05:286][585]LogCharacterMovement: Enemigo3_1508 is stuck and failed to move! Velocity: X=79.62 Y=-48.64 Z=0.00 Location: X=-5687.86 Y=1613.13 Z=215.34 Normal: X=-0.86 Y=0.51 Z=0.00 PenetrationDepth:1.830 Actor:Enemigo4 Component:Weapon BoneName:None (0 other events since notify)
[2017.12.12-18.29.05:286][585]LogCharacterMovement: Enemigo7 is stuck and failed to move! Velocity: X=-25.10 Y=-32.25 Z=0.00 Location: X=-5590.10 Y=1663.26 Z=214.60 Normal: X=-0.80 Y=0.60 Z=-0.00 PenetrationDepth:5.849 Actor:Enemigo5 Component:Weapon BoneName:None (3 other events since notify)
[2017.12.12-18.29.06:768][672]LogCharacterMovement: Enemigo7 is stuck and failed to move! Velocity: X=-28.31 Y=-26.31 Z=0.00 Location: X=-5588.62 Y=1647.05 Z=214.60 Normal: X=-1.00 Y=-0.01 Z=-0.00 PenetrationDepth:1.086 Actor:Enemigo5 Component:Weapon BoneName:None (12 other events since notify)
[2017.12.12-18.29.10:491][854]LogBlueprintUserMessages: [ThirdPersonCharacter_167] 50
[2017.12.12-18.29.10:650][861]LogBlueprintUserMessages: [ThirdPersonCharacter_167] 50
[2017.12.12-18.29.10:650][861]LogBlueprintUserMessages: [ThirdPersonCharacter_167] 0
[2017.12.12-18.29.10:673][862]LogBlueprintUserMessages: [ThirdPersonCharacter_167] 0
[2017.12.12-18.29.10:673][862]LogBlueprintUserMessages: [ThirdPersonCharacter_167] -50
[2017.12.12-18.29.10:696][863]LogBlueprintUserMessages: [ThirdPersonCharacter_167] 50
[2017.12.12-18.29.10:718][864]LogBlueprintUserMessages: [ThirdPersonCharacter_167] 50
[2017.12.12-18.29.10:846][870]LogBlueprintUserMessages: [ThirdPersonCharacter_167] 0
[2017.12.12-18.29.10:867][871]LogBlueprintUserMessages: [ThirdPersonCharacter_167] 0
[2017.12.12-18.29.11:007][878]LogBlueprintUserMessages: [ThirdPersonCharacter_167] 50
[2017.12.12-18.29.11:027][879]LogBlueprintUserMessages: [ThirdPersonCharacter_167] 50
[2017.12.12-18.29.11:046][880]LogBlueprintUserMessages: [ThirdPersonCharacter_167] 0
[2017.12.12-18.29.11:046][880]LogBlueprintUserMessages: [ThirdPersonCharacter_167] -50
[2017.12.12-18.29.12:900][976]LogBlueprintUserMessages: [ThirdPersonCharacter_167] 0
[2017.12.12-18.29.38:481][358]LogBlueprintUserMessages: Early EndPlayMap Detection: Level '/Game/ThirdPersonBP/Maps/ThirdPersonExampleMap.ThirdPersonExampleMap:PersistentLevel' has LevelScriptBlueprint '/Game/ThirdPersonBP/Maps/ThirdPersonExampleMap.ThirdPersonExampleMap:PersistentLevel.ThirdPersonExampleMap' with GeneratedClass '/Game/ThirdPersonBP/Maps/ThirdPersonExampleMap.ThirdPersonExampleMap_C' with ClassGeneratedBy '/Game/ThirdPersonBP/Maps/ThirdPersonExampleMap.ThirdPersonExampleMap:PersistentLevel.ThirdPersonExampleMap'
[2017.12.12-18.29.38:539][358]LogBlueprintUserMessages: Late EndPlayMap Detection: Level '/Game/ThirdPersonBP/Maps/ThirdPersonExampleMap.ThirdPersonExampleMap:PersistentLevel' has LevelScriptBlueprint '/Game/ThirdPersonBP/Maps/ThirdPersonExampleMap.ThirdPersonExampleMap:PersistentLevel.ThirdPersonExampleMap' with GeneratedClass '/Game/ThirdPersonBP/Maps/ThirdPersonExampleMap.ThirdPersonExampleMap_C' with ClassGeneratedBy '/Game/ThirdPersonBP/Maps/ThirdPersonExampleMap.ThirdPersonExampleMap:PersistentLevel.ThirdPersonExampleMap'
[2017.12.12-18.33.10:389][102]LogWindowsTextInputMethodSystem:Display: IME system now deactivated.
[2017.12.12-18.33.11:094][103]Cmd: QUIT_EDITOR
[2017.12.12-18.33.11:796][103]LogExit: Preparing to exit.
[2017.12.12-18.33.13:103][103]LogDirectoryWatcher: A directory notification for 'E:/Featherless/unwinged/Content/' was aborted.
[2017.12.12-18.33.13:282][103]LogExit: Editor shut down
[2017.12.12-18.33.13:292][103]LogExit: Transaction tracking system shut down
[2017.12.12-18.33.14:714][103]LogObj: Freed 0b from 0 cluster array pools.
[2017.12.12-18.33.14:714][103]LogExit: Object subsystem successfully closed.
[2017.12.12-18.33.14:815][103]LogD3D11RHI: Shutdown
[2017.12.12-18.33.14:815][103]LogD3D11RHI: CleanupD3DDevice
[2017.12.12-18.33.14:920][103]LogD3D11RHI: ~FD3D11DynamicRHI
[2017.12.12-18.33.15:825][103]LogModuleManager: Shutting down and abandoning module MovieSceneCapture (526)
[2017.12.12-18.33.15:839][103]LogModuleManager: Shutting down and abandoning module HierarchicalLODOutliner (524)
[2017.12.12-18.33.15:843][103]LogModuleManager: Shutting down and abandoning module CrashTracker (522)
[2017.12.12-18.33.15:843][103]LogModuleManager: Shutting down and abandoning module SceneOutliner (520)
[2017.12.12-18.33.15:853][103]LogModuleManager: Shutting down and abandoning module AddContentDialog (518)
[2017.12.12-18.33.15:865][103]LogDirectoryWatcher: A directory notification for 'E:/Unreal/UE_4.16/FeaturePacks/' was aborted.
[2017.12.12-18.33.15:866][103]LogModuleManager: Shutting down and abandoning module WidgetCarousel (517)
[2017.12.12-18.33.15:866][103]LogModuleManager: Shutting down and abandoning module EditorWidgets (514)
[2017.12.12-18.33.15:866][103]LogModuleManager: Shutting down and abandoning module CollectionManager (512)
[2017.12.12-18.33.15:866][103]LogDirectoryWatcher: A directory notification for 'E:/Featherless/unwinged/Content/Collections/' was aborted.
[2017.12.12-18.33.15:866][103]LogDirectoryWatcher: A directory notification for 'E:/Featherless/unwinged/Content/Developers/gerar/Collections/' was aborted.
[2017.12.12-18.33.15:867][103]LogDirectoryWatcher: A directory notification for 'E:/Featherless/unwinged/Saved/Collections/' was aborted.
[2017.12.12-18.33.15:867][103]LogModuleManager: Shutting down and abandoning module StatsViewer (510)
[2017.12.12-18.33.15:878][103]LogModuleManager: Shutting down and abandoning module FoliageEdit (508)
[2017.12.12-18.33.15:878][103]LogModuleManager: Shutting down and abandoning module LandscapeEditor (506)
[2017.12.12-18.33.15:906][103]LogModuleManager: Shutting down and abandoning module MeshPaintMode (504)
[2017.12.12-18.33.15:906][103]LogModuleManager: Shutting down and abandoning module SceneDepthPickerMode (502)
[2017.12.12-18.33.15:906][103]LogModuleManager: Shutting down and abandoning module ActorPickerMode (500)
[2017.12.12-18.33.15:907][103]LogModuleManager: Shutting down and abandoning module GeometryMode (498)
[2017.12.12-18.33.15:907][103]LogModuleManager: Shutting down and abandoning module TextureAlignMode (496)
[2017.12.12-18.33.15:907][103]LogModuleManager: Shutting down and abandoning module BspMode (494)
[2017.12.12-18.33.15:918][103]LogModuleManager: Shutting down and abandoning module HardwareSurvey (492)
[2017.12.12-18.33.15:918][103]LogModuleManager: Shutting down and abandoning module SequenceRecorderSections (490)
[2017.12.12-18.33.15:918][103]LogModuleManager: Shutting down and abandoning module AutomationWorker (488)
[2017.12.12-18.33.15:924][103]LogModuleManager: Shutting down and abandoning module MatineeToLevelSequence (486)
[2017.12.12-18.33.15:939][103]LogModuleManager: Shutting down and abandoning module LevelSequenceEditor (484)
[2017.12.12-18.33.15:989][103]LogModuleManager: Shutting down and abandoning module PlacementMode (483)
[2017.12.12-18.33.15:989][103]LogModuleManager: Shutting down and abandoning module WmfMediaFactory (480)
[2017.12.12-18.33.15:989][103]LogModuleManager: Shutting down and abandoning module WmfMediaEditor (478)
[2017.12.12-18.33.15:989][103]LogModuleManager: Shutting down and abandoning module AvfMediaFactory (476)
[2017.12.12-18.33.15:989][103]LogModuleManager: Shutting down and abandoning module AvfMediaEditor (474)
[2017.12.12-18.33.15:989][103]LogModuleManager: Shutting down and abandoning module AndroidMediaFactory (472)
[2017.12.12-18.33.15:989][103]LogModuleManager: Shutting down and abandoning module Media (471)
[2017.12.12-18.33.15:989][103]LogModuleManager: Shutting down and abandoning module AndroidMediaEditor (468)
[2017.12.12-18.33.15:989][103]LogModuleManager: Shutting down and abandoning module CharacterAI (466)
[2017.12.12-18.33.15:989][103]LogModuleManager: Shutting down and abandoning module AudioCapture (464)
[2017.12.12-18.33.16:001][103]LogModuleManager: Shutting down and abandoning module SequenceRecorder (463)
[2017.12.12-18.33.16:001][103]LogModuleManager: Shutting down and abandoning module SmartSnapping (460)
[2017.12.12-18.33.16:001][103]LogModuleManager: Shutting down and abandoning module SessionServices (458)
[2017.12.12-18.33.16:001][103]LogModuleManager: Shutting down and abandoning module ViewportSnapping (456)
[2017.12.12-18.33.16:001][103]LogModuleManager: Shutting down and abandoning module ViewportInteraction (454)
[2017.12.12-18.33.16:001][103]LogModuleManager: Shutting down and abandoning module ClothPainter (452)
[2017.12.12-18.33.16:027][103]LogModuleManager: Shutting down and abandoning module LogVisualizer (450)
[2017.12.12-18.33.16:053][103]LogModuleManager: Shutting down and abandoning module IntroTutorials (448)
[2017.12.12-18.33.16:095][103]LogModuleManager: Shutting down and abandoning module GameProjectGeneration (447)
[2017.12.12-18.33.16:113][103]LogModuleManager: Shutting down and abandoning module EditorLiveStreaming (444)
[2017.12.12-18.33.16:113][103]LogModuleManager: Shutting down and abandoning module IOSPlatformEditor (442)
[2017.12.12-18.33.16:121][103]LogModuleManager: Shutting down and abandoning module HTML5PlatformEditor (440)
[2017.12.12-18.33.16:121][103]LogModuleManager: Shutting down and abandoning module AndroidPlatformEditor (438)
[2017.12.12-18.33.16:121][103]LogModuleManager: Shutting down and abandoning module AndroidDeviceDetection (437)
[2017.12.12-18.33.16:843][103]LogModuleManager: Shutting down and abandoning module IOSRuntimeSettings (434)
[2017.12.12-18.33.16:843][103]LogModuleManager: Shutting down and abandoning module AndroidRuntimeSettings (432)
[2017.12.12-18.33.16:843][103]LogModuleManager: Shutting down and abandoning module InputBindingEditor (430)
[2017.12.12-18.33.16:856][103]LogModuleManager: Shutting down and abandoning module MergeActors (428)
[2017.12.12-18.33.16:867][103]LogModuleManager: Shutting down and abandoning module SizeMap (426)
[2017.12.12-18.33.16:867][103]LogModuleManager: Shutting down and abandoning module TreeMap (424)
[2017.12.12-18.33.16:877][103]LogModuleManager: Shutting down and abandoning module ReferenceViewer (422)
[2017.12.12-18.33.16:891][103]LogModuleManager: Shutting down and abandoning module LocalizationDashboard (420)
[2017.12.12-18.33.16:931][103]LogModuleManager: Shutting down and abandoning module LocalizationService (419)
[2017.12.12-18.33.16:942][103]LogModuleManager: Shutting down and abandoning module HardwareTargeting (416)
[2017.12.12-18.33.16:942][103]LogModuleManager: Shutting down and abandoning module DeviceProfileEditor (414)
[2017.12.12-18.33.16:975][103]LogModuleManager: Shutting down and abandoning module UndoHistory (412)
[2017.12.12-18.33.16:990][103]LogModuleManager: Shutting down and abandoning module UserFeedback (410)
[2017.12.12-18.33.16:990][103]LogModuleManager: Shutting down and abandoning module XmlParser (408)
[2017.12.12-18.33.16:990][103]LogModuleManager: Shutting down and abandoning module Blutility (406)
[2017.12.12-18.33.17:003][103]LogModuleManager: Shutting down and abandoning module ProjectSettingsViewer (404)
[2017.12.12-18.33.17:004][103]LogModuleManager: Shutting down and abandoning module ProjectTargetPlatformEditor (403)
[2017.12.12-18.33.17:004][103]LogModuleManager: Shutting down and abandoning module EditorSettingsViewer (400)
[2017.12.12-18.33.17:004][103]LogModuleManager: Shutting down and abandoning module SettingsEditor (398)
[2017.12.12-18.33.17:030][103]LogModuleManager: Shutting down and abandoning module ProjectLauncher (396)
[2017.12.12-18.33.17:039][103]LogModuleManager: Shutting down and abandoning module SessionFrontend (394)
[2017.12.12-18.33.17:050][103]LogModuleManager: Shutting down and abandoning module ProfilerClient (392)
[2017.12.12-18.33.17:066][103]LogModuleManager: Shutting down and abandoning module DeviceManager (390)
[2017.12.12-18.33.17:078][103]LogModuleManager: Shutting down and abandoning module TargetDeviceServices (389)
[2017.12.12-18.33.17:140][103]LogModuleManager: Shutting down and abandoning module AutomationController (386)
[2017.12.12-18.33.17:150][103]LogModuleManager: Shutting down and abandoning module AutomationWindow (384)
[2017.12.12-18.33.17:161][103]LogModuleManager: Shutting down and abandoning module Layers (382)
[2017.12.12-18.33.17:186][103]LogModuleManager: Shutting down and abandoning module ComponentVisualizers (380)
[2017.12.12-18.33.17:186][103]LogModuleManager: Shutting down and abandoning module DetailCustomizations (378)
[2017.12.12-18.33.17:201][103]LogModuleManager: Shutting down and abandoning module PackagesDialog (376)
[2017.12.12-18.33.17:201][103]LogModuleManager: Shutting down and abandoning module Persona (374)
[2017.12.12-18.33.17:234][103]LogModuleManager: Shutting down and abandoning module AdvancedPreviewScene (373)
[2017.12.12-18.33.17:234][103]LogModuleManager: Shutting down and abandoning module AnimGraph (371)
[2017.12.12-18.33.17:234][103]LogModuleManager: Shutting down and abandoning module Kismet (368)
[2017.12.12-18.33.17:243][103]LogModuleManager: Shutting down and abandoning module ClassViewer (366)
[2017.12.12-18.33.17:243][103]LogModuleManager: Shutting down and abandoning module Toolbox (364)
[2017.12.12-18.33.17:243][103]LogModuleManager: Shutting down and abandoning module ModuleUI (362)
[2017.12.12-18.33.17:256][103]LogModuleManager: Shutting down and abandoning module MovieSceneTools (360)
[2017.12.12-18.33.17:274][103]LogModuleManager: Shutting down and abandoning module OutputLog (358)
[2017.12.12-18.33.17:286][103]LogModuleManager: Shutting down and abandoning module GammaUI (356)
[2017.12.12-18.33.17:303][103]LogModuleManager: Shutting down and abandoning module Documentation (354)
[2017.12.12-18.33.17:303][103]LogModuleManager: Shutting down and abandoning module MovieSceneTracks (352)
[2017.12.12-18.33.17:303][103]LogModuleManager: Shutting down and abandoning module MovieScene (350)
[2017.12.12-18.33.17:303][103]LogModuleManager: Shutting down and abandoning module Niagara (348)
[2017.12.12-18.33.17:303][103]LogModuleManager: Shutting down and abandoning module NiagaraEditor (347)
[2017.12.12-18.33.17:337][103]LogModuleManager: Shutting down and abandoning module StreamingPauseRendering (344)
[2017.12.12-18.33.17:337][103]LogModuleManager: Shutting down and abandoning module AnalyticsET (342)
[2017.12.12-18.33.17:337][103]LogModuleManager: Shutting down and abandoning module PortalServices (340)
[2017.12.12-18.33.17:337][103]LogModuleManager: Shutting down and abandoning module PortalRpc (338)
[2017.12.12-18.33.17:337][103]LogModuleManager: Shutting down and abandoning module MessagingRpc (336)
[2017.12.12-18.33.17:337][103]LogModuleManager: Shutting down and abandoning module AIModule (334)
[2017.12.12-18.33.17:337][103]LogModuleManager: Shutting down and abandoning module GameplayDebugger (333)
[2017.12.12-18.33.17:337][103]LogModuleManager: Shutting down and abandoning module AITestSuite (331)
[2017.12.12-18.33.17:350][103]LogModuleManager: Shutting down and abandoning module ProfilerService (328)
[2017.12.12-18.33.17:486][103]LogModuleManager: Shutting down and abandoning module TaskGraph (326)
[2017.12.12-18.33.17:493][103]LogModuleManager: Shutting down and abandoning module SteamVRController (324)
[2017.12.12-18.33.17:493][103]LogModuleManager: Shutting down and abandoning module SteamVR (322)
[2017.12.12-18.33.17:493][103]LogModuleManager: Shutting down and abandoning module ProceduralMeshComponentEditor (320)
[2017.12.12-18.33.17:493][103]LogModuleManager: Shutting down and abandoning module ProceduralMeshComponent (318)
[2017.12.12-18.33.17:506][103]LogModuleManager: Shutting down and abandoning module OculusLibrary (316)
[2017.12.12-18.33.17:506][103]LogModuleManager: Shutting down and abandoning module OculusInput (314)
[2017.12.12-18.33.17:506][103]LogModuleManager: Shutting down and abandoning module MobilePatchingUtils (312)
[2017.12.12-18.33.17:506][103]LogModuleManager: Shutting down and abandoning module CustomMeshComponent (310)
[2017.12.12-18.33.17:506][103]LogModuleManager: Shutting down and abandoning module CableComponent (308)
[2017.12.12-18.33.17:506][103]LogModuleManager: Shutting down and abandoning module ArchVisCharacter (306)
[2017.12.12-18.33.17:506][103]LogModuleManager: Shutting down and abandoning module AndroidPermission (304)
[2017.12.12-18.33.17:506][103]LogModuleManager: Shutting down and abandoning module MediaPlayerEditor (300)
[2017.12.12-18.33.17:539][103]LogModuleManager: Shutting down and abandoning module HTML5Networking (298)
[2017.12.12-18.33.17:539][103]LogModuleManager: Shutting down and abandoning module AlembicImporter (296)
[2017.12.12-18.33.17:542][103]LogModuleManager: Shutting down and abandoning module AlembicLibrary (295)
[2017.12.12-18.33.17:542][103]LogModuleManager: Shutting down and abandoning module GeometryCache (294)
[2017.12.12-18.33.17:542][103]LogModuleManager: Shutting down and abandoning module GeometryCacheEd (293)
[2017.12.12-18.33.17:542][103]LogModuleManager: Shutting down and abandoning module SuperSearchEditor (288)
[2017.12.12-18.33.17:542][103]LogModuleManager: Shutting down and abandoning module SuperSearch (287)
[2017.12.12-18.33.17:542][103]LogModuleManager: Shutting down and abandoning module SpeedTreeImporter (284)
[2017.12.12-18.33.17:542][103]LogModuleManager: Shutting down and abandoning module PluginBrowser (282)
[2017.12.12-18.33.17:551][103]LogModuleManager: Shutting down and abandoning module MobileLauncherProfileWizard (280)
[2017.12.12-18.33.17:559][103]LogModuleManager: Shutting down and abandoning module VisualStudioSourceCodeAccess (278)
[2017.12.12-18.33.17:559][103]LogModuleManager: Shutting down and abandoning module DesktopPlatform (277)
[2017.12.12-18.33.17:559][103]LogModuleManager: Shutting down and abandoning module UObjectPlugin (274)
[2017.12.12-18.33.17:560][103]LogModuleManager: Shutting down and abandoning module SubversionSourceControl (272)
[2017.12.12-18.33.17:564][103]LogModuleManager: Shutting down and abandoning module PerforceSourceControl (270)
[2017.12.12-18.33.17:580][103]LogModuleManager: Shutting down and abandoning module GitSourceControl (268)
[2017.12.12-18.33.17:591][103]LogModuleManager: Shutting down and abandoning module SourceControl (267)
[2017.12.12-18.33.17:607][103]LogModuleManager: Shutting down and abandoning module LightPropagationVolumeEditor (264)
[2017.12.12-18.33.17:607][103]LogModuleManager: Shutting down and abandoning module PaperTiledImporter (262)
[2017.12.12-18.33.17:607][103]LogModuleManager: Shutting down and abandoning module PaperSpriteSheetImporter (260)
[2017.12.12-18.33.17:607][103]LogModuleManager: Shutting down and abandoning module Paper2DEditor (258)
[2017.12.12-18.33.17:618][103]LogModuleManager: Shutting down and abandoning module MeshPaint (257)
[2017.12.12-18.33.17:631][103]LogModuleManager: Shutting down and abandoning module LevelEditor (255)
[2017.12.12-18.33.17:639][103]LogModuleManager: Shutting down and abandoning module PixelInspectorModule (254)
[2017.12.12-18.33.17:649][103]LogModuleManager: Shutting down and abandoning module MainFrame (252)
[2017.12.12-18.33.17:660][103]LogModuleManager: Shutting down and abandoning module HotReload (251)
[2017.12.12-18.33.17:667][103]LogModuleManager: Shutting down and abandoning module PhysXVehiclesEditor (246)
[2017.12.12-18.33.17:682][103]LogModuleManager: Shutting down and abandoning module PhysXVehicles (244)
[2017.12.12-18.33.17:682][103]LogModuleManager: Shutting down and abandoning module LocationServicesBPLibrary (242)
[2017.12.12-18.33.17:682][103]LogModuleManager: Shutting down and abandoning module ImmediatePhysicsEditor (240)
[2017.12.12-18.33.17:682][103]LogModuleManager: Shutting down and abandoning module ImmediatePhysics (238)
[2017.12.12-18.33.17:692][103]LogModuleManager: Shutting down and abandoning module UdpMessaging (236)
[2017.12.12-18.33.17:793][103]LogModuleManager: Shutting down and abandoning module TcpMessaging (234)
[2017.12.12-18.33.17:909][103]LogModuleManager: Shutting down and abandoning module GameplayTagsEditor (232)
[2017.12.12-18.33.17:929][103]LogModuleManager: Shutting down and abandoning module FacialAnimationEditor (230)
[2017.12.12-18.33.17:929][103]LogModuleManager: Shutting down and abandoning module FacialAnimation (228)
[2017.12.12-18.33.17:929][103]LogModuleManager: Shutting down and abandoning module AssetManagerEditor (226)
[2017.12.12-18.33.17:936][103]LogModuleManager: Shutting down and abandoning module GraphEditor (225)
[2017.12.12-18.33.17:978][103]LogModuleManager: Shutting down and abandoning module ContentBrowser (223)
[2017.12.12-18.33.17:979][103]LogModuleManager: Shutting down and abandoning module LightPropagationVolumeRuntime (220)
[2017.12.12-18.33.17:979][103]LogModuleManager: Shutting down and abandoning module Paper2D (218)
[2017.12.12-18.33.17:989][103]LogModuleManager: Shutting down and abandoning module WindowsMoviePlayer (216)
[2017.12.12-18.33.17:989][103]LogModuleManager: Shutting down and abandoning module WmfMedia (214)
[2017.12.12-18.33.17:989][103]LogModuleManager: Shutting down and abandoning module ClothingSystemEditor (212)
[2017.12.12-18.33.17:989][103]LogModuleManager: Shutting down and abandoning module ClothingSystemRuntime (210)
[2017.12.12-18.33.18:007][103]LogModuleManager: Shutting down and abandoning module MediaAssets (208)
[2017.12.12-18.33.18:007][103]LogModuleManager: Shutting down and abandoning module GameLiveStreaming (206)
[2017.12.12-18.33.18:019][103]LogModuleManager: Shutting down and abandoning module VREditor (204)
[2017.12.12-18.33.18:025][103]LogModuleManager: Shutting down and abandoning module StringTableEditor (202)
[2017.12.12-18.33.18:035][103]LogModuleManager: Shutting down and abandoning module GameplayTasksEditor (200)
[2017.12.12-18.33.18:035][103]LogModuleManager: Shutting down and abandoning module BehaviorTreeEditor (198)
[2017.12.12-18.33.18:061][103]LogModuleManager: Shutting down and abandoning module FunctionalTesting (196)
[2017.12.12-18.33.18:061][103]LogModuleManager: Shutting down and abandoning module CollisionAnalyzer (194)
[2017.12.12-18.33.18:074][103]LogModuleManager: Shutting down and abandoning module UMG (192)
[2017.12.12-18.33.18:088][103]LogModuleManager: Shutting down and abandoning module UMGEditor (191)
[2017.12.12-18.33.18:113][103]LogModuleManager: Shutting down and abandoning module Sequencer (190)
[2017.12.12-18.33.18:131][103]LogModuleManager: Shutting down and abandoning module AssetTools (188)
[2017.12.12-18.33.18:173][103]LogModuleManager: Shutting down and abandoning module MessageLog (187)
[2017.12.12-18.33.18:182][103]LogModuleManager: Shutting down and abandoning module WorkspaceMenuStructure (186)
[2017.12.12-18.33.18:183][103]LogModuleManager: Shutting down and abandoning module SlateReflector (180)
[2017.12.12-18.33.18:210][103]LogModuleManager: Shutting down and abandoning module Slate (178)
[2017.12.12-18.33.18:210][103]LogModuleManager: Shutting down and abandoning module EditorStyle (176)
[2017.12.12-18.33.18:212][103]LogModuleManager: Shutting down and abandoning module SourceCodeAccess (174)
[2017.12.12-18.33.18:212][103]LogModuleManager: Shutting down and abandoning module HeadMountedDisplay (172)
[2017.12.12-18.33.18:212][103]LogModuleManager: Shutting down and abandoning module XAudio2 (170)
[2017.12.12-18.33.18:212][103]LogModuleManager: Shutting down and abandoning module Networking (168)
[2017.12.12-18.33.18:212][103]LogModuleManager: Shutting down and abandoning module Core (164)
[2017.12.12-18.33.18:212][103]LogModuleManager: Shutting down and abandoning module AssetRegistry (162)
[2017.12.12-18.33.18:419][103]LogDirectoryWatcher: A directory notification for '../../../Engine/Content/' was aborted.
[2017.12.12-18.33.18:419][103]LogDirectoryWatcher: A directory notification for '../../../../../Featherless/unwinged/Content/' was aborted.
[2017.12.12-18.33.18:419][103]LogDirectoryWatcher: A directory notification for '../../../Engine/Plugins/2D/Paper2D/Content/' was aborted.
[2017.12.12-18.33.18:419][103]LogDirectoryWatcher: A directory notification for '../../../Engine/Plugins/Runtime/GearVR/Content/' was aborted.
[2017.12.12-18.33.18:444][103]LogModuleManager: Shutting down and abandoning module DirectoryWatcher (161)
[2017.12.12-18.33.18:445][103]LogModuleManager: Shutting down and abandoning module KismetCompiler (158)
[2017.12.12-18.33.18:445][103]LogModuleManager: Shutting down and abandoning module LevelSequence (156)
[2017.12.12-18.33.18:445][103]LogModuleManager: Shutting down and abandoning module PhysXFormats (154)
[2017.12.12-18.33.18:445][103]LogModuleManager: Shutting down and abandoning module MeshUtilities (152)
[2017.12.12-18.33.18:458][103]LogModuleManager: Shutting down and abandoning module SimplygonSwarm (151)
[2017.12.12-18.33.18:472][103]LogModuleManager: Shutting down and abandoning module SimplygonMeshReduction (149)
[2017.12.12-18.33.18:472][103]LogModuleManager: Shutting down and abandoning module QuadricMeshReduction (147)
[2017.12.12-18.33.18:487][103]LogModuleManager: Shutting down and abandoning module DerivedDataCache (144)
[2017.12.12-18.33.18:559][103]LogDerivedDataCache: Shutdown
[2017.12.12-18.33.18:559][103]LogModuleManager: Shutting down and abandoning module TargetPlatform (142)
[2017.12.12-18.33.18:559][103]LogModuleManager: Shutting down and abandoning module VulkanShaderFormat (141)
[2017.12.12-18.33.18:568][103]LogModuleManager: Shutting down and abandoning module ShaderFormatVectorVM (139)
[2017.12.12-18.33.18:572][103]LogModuleManager: Shutting down and abandoning module ShaderFormatOpenGL (137)
[2017.12.12-18.33.18:582][103]LogModuleManager: Shutting down and abandoning module ShaderFormatD3D (135)
[2017.12.12-18.33.18:582][103]LogModuleManager: Shutting down and abandoning module MetalShaderFormat (133)
[2017.12.12-18.33.18:597][103]LogModuleManager: Shutting down and abandoning module TextureFormatUncompressed (131)
[2017.12.12-18.33.18:597][103]LogModuleManager: Shutting down and abandoning module TextureFormatPVR (129)
[2017.12.12-18.33.18:597][103]LogModuleManager: Shutting down and abandoning module TextureFormatDXT (127)
[2017.12.12-18.33.18:597][103]LogModuleManager: Shutting down and abandoning module TextureFormatIntelISPCTexComp (125)
[2017.12.12-18.33.18:597][103]LogModuleManager: Shutting down and abandoning module TextureFormatASTC (123)
[2017.12.12-18.33.18:597][103]LogModuleManager: Shutting down and abandoning module ImageWrapper (122)
[2017.12.12-18.33.18:597][103]LogModuleManager: Shutting down and abandoning module TextureFormatAndroid (119)
[2017.12.12-18.33.18:597][103]LogModuleManager: Shutting down and abandoning module AudioFormatOpus (117)
[2017.12.12-18.33.18:597][103]LogModuleManager: Shutting down and abandoning module AudioFormatOgg (115)
[2017.12.12-18.33.18:597][103]LogModuleManager: Shutting down and abandoning module AudioFormatADPCM (113)
[2017.12.12-18.33.18:597][103]LogModuleManager: Shutting down and abandoning module LinuxTargetPlatform (111)
[2017.12.12-18.33.18:597][103]LogModuleManager: Shutting down and abandoning module LinuxServerTargetPlatform (109)
[2017.12.12-18.33.18:597][103]LogModuleManager: Shutting down and abandoning module LinuxNoEditorTargetPlatform (107)
[2017.12.12-18.33.18:597][103]LogModuleManager: Shutting down and abandoning module LinuxClientTargetPlatform (105)
[2017.12.12-18.33.18:597][103]LogModuleManager: Shutting down and abandoning module TVOSTargetPlatform (103)
[2017.12.12-18.33.18:597][103]LogModuleManager: Shutting down and abandoning module Messaging (101)
[2017.12.12-18.33.18:597][103]LogModuleManager: Shutting down and abandoning module IOSTargetPlatform (99)
[2017.12.12-18.33.18:597][103]LogModuleManager: Shutting down and abandoning module HTML5TargetPlatform (97)
[2017.12.12-18.33.18:597][103]LogModuleManager: Shutting down and abandoning module Android_PVRTCTargetPlatform (95)
[2017.12.12-18.33.18:597][103]LogModuleManager: Shutting down and abandoning module Android_MultiTargetPlatform (93)
[2017.12.12-18.33.18:597][103]LogModuleManager: Shutting down and abandoning module Android_ETC2TargetPlatform (91)
[2017.12.12-18.33.18:597][103]LogModuleManager: Shutting down and abandoning module Android_ETC1TargetPlatform (89)
[2017.12.12-18.33.18:597][103]LogModuleManager: Shutting down and abandoning module Android_DXTTargetPlatform (87)
[2017.12.12-18.33.18:597][103]LogModuleManager: Shutting down and abandoning module Android_ATCTargetPlatform (85)
[2017.12.12-18.33.18:598][103]LogModuleManager: Shutting down and abandoning module Android_ASTCTargetPlatform (83)
[2017.12.12-18.33.18:598][103]LogModuleManager: Shutting down and abandoning module AndroidTargetPlatform (81)
[2017.12.12-18.33.18:598][103]LogModuleManager: Shutting down and abandoning module WindowsTargetPlatform (79)
[2017.12.12-18.33.18:598][103]LogModuleManager: Shutting down and abandoning module WindowsServerTargetPlatform (77)
[2017.12.12-18.33.18:598][103]LogModuleManager: Shutting down and abandoning module WindowsNoEditorTargetPlatform (75)
[2017.12.12-18.33.18:598][103]LogModuleManager: Shutting down and abandoning module WindowsClientTargetPlatform (73)
[2017.12.12-18.33.18:598][103]LogModuleManager: Shutting down and abandoning module MacTargetPlatform (71)
[2017.12.12-18.33.18:598][103]LogModuleManager: Shutting down and abandoning module MacServerTargetPlatform (69)
[2017.12.12-18.33.18:598][103]LogModuleManager: Shutting down and abandoning module MacNoEditorTargetPlatform (67)
[2017.12.12-18.33.18:598][103]LogModuleManager: Shutting down and abandoning module MacClientTargetPlatform (65)
[2017.12.12-18.33.18:598][103]LogModuleManager: Shutting down and abandoning module AllDesktopTargetPlatform (63)
[2017.12.12-18.33.18:598][103]LogModuleManager: Shutting down and abandoning module InputCore (60)
[2017.12.12-18.33.18:598][103]LogModuleManager: Shutting down and abandoning module Settings (58)
[2017.12.12-18.33.18:598][103]LogModuleManager: Shutting down and abandoning module OculusRift (56)
[2017.12.12-18.33.18:608][103]LogModuleManager: Shutting down and abandoning module GearVRController (54)
[2017.12.12-18.33.18:608][103]LogModuleManager: Shutting down and abandoning module GearVR (52)
[2017.12.12-18.33.18:624][103]LogModuleManager: Shutting down and abandoning module ExampleDeviceProfileSelector (50)
[2017.12.12-18.33.18:624][103]LogModuleManager: Shutting down and abandoning module OnlineBlueprintSupport (48)
[2017.12.12-18.33.18:624][103]LogModuleManager: Shutting down and abandoning module OnlineSubsystem (44)
[2017.12.12-18.33.18:624][103]LogOnline:Display: Unloading online subsystem: NULL
[2017.12.12-18.33.18:647][103]LogModuleManager: Shutting down and abandoning module XMPP (43)
[2017.12.12-18.33.18:663][103]LogModuleManager: Shutting down and abandoning module HTTP (41)
[2017.12.12-18.33.18:663][103]LogHttp:Display: Http module shutting down, but needs to wait on 1 outstanding Http requests:
[2017.12.12-18.33.18:669][103]LogHttp:Display: 	verb=[POST] url=[https://datarouter.ol.epicgames.com/datarouter/api/v1/public/data?SessionID=%7B84F7E529-4CDD-7143-084E-FEA225B0F664%7D&AppID=UEEditor.Rocket.Release&AppVersion=4.16.3-3561208%2B%2B%2BUE4%2BRelease-4.16&UserID=6be156b8498e66ac55f395be22d6e900%7Cfada1629eb934eb4a4221ad76063125d%7Cc007418e-c022-44cd-a510-139e22013e6e&AppEnvironment=datacollector-binary&UploadType=eteventstream] status=Processing
[2017.12.12-18.33.18:675][103]LogModuleManager: Shutting down and abandoning module SSL (40)
[2017.12.12-18.33.18:686][103]LogModuleManager: Shutting down and abandoning module HTTPChunkInstaller (36)
[2017.12.12-18.33.18:696][103]LogModuleManager: Shutting down and abandoning module AnimationModifiers (34)
[2017.12.12-18.33.18:709][103]LogModuleManager: Shutting down and abandoning module PropertyEditor (33)
[2017.12.12-18.33.18:709][103]LogModuleManager: Shutting down and abandoning module AudioEditor (30)
[2017.12.12-18.33.18:723][103]LogModuleManager: Shutting down and abandoning module TextureCompressor (28)
[2017.12.12-18.33.18:723][103]LogModuleManager: Shutting down and abandoning module ShaderCore (26)
[2017.12.12-18.33.18:723][103]LogModuleManager: Shutting down and abandoning module Landscape (24)
[2017.12.12-18.33.18:723][103]LogModuleManager: Shutting down and abandoning module SlateRHIRenderer (22)
[2017.12.12-18.33.18:737][103]LogModuleManager: Shutting down and abandoning module OpenGLDrv (20)
[2017.12.12-18.33.18:756][103]LogModuleManager: Shutting down and abandoning module D3D11RHI (18)
[2017.12.12-18.33.18:756][103]LogModuleManager: Shutting down and abandoning module AnimGraphRuntime (16)
[2017.12.12-18.33.18:767][103]LogModuleManager: Shutting down and abandoning module Renderer (14)
[2017.12.12-18.33.18:767][103]LogModuleManager: Shutting down and abandoning module Engine (12)
[2017.12.12-18.33.18:767][103]LogModuleManager: Shutting down and abandoning module CoreUObject (10)
[2017.12.12-18.33.18:767][103]LogModuleManager: Shutting down and abandoning module NetworkFile (8)
[2017.12.12-18.33.18:767][103]LogModuleManager: Shutting down and abandoning module StreamingFile (6)
[2017.12.12-18.33.18:767][103]LogModuleManager: Shutting down and abandoning module SandboxFile (4)
[2017.12.12-18.33.18:767][103]LogModuleManager: Shutting down and abandoning module PakFile (2)
[2017.12.12-18.33.18:780][103]LogExit: Exiting.
[2017.12.12-18.33.18:786][103]Log file closed, 12/12/17 19:33:18
